** PF INFO ***
Time: Thu Aug  7 12:18:33 2025
System: E:/Robots ABB/Latte_Art/Gofa_caffe/Virtual Controllers/CRB15000_5_95
RobotWare: 7.18.1
RobotControl: 7.18.1
Shutdown type: 1 mode: 1 reason: 1
Image lost in previous shutdown: no
Restart counter: 0
CFG counter value: 7503
Unfinished crit sec: 0

*** PF INFO ***
Time: Thu Aug  7 12:18:48 2025
System: E:/Robots ABB/Latte_Art/Gofa_caffe/Virtual Controllers/CRB15000_5_95
RobotWare: 7.18.1
RobotControl: 7.18.1
Shutdown type: 1 mode: 1 reason: 1
Image lost in previous shutdown: no
Restart counter: 1
CFG counter value: 7803
Unfinished crit sec: 0

*** PF INFO ***
Time: Thu Aug  7 14:03:02 2025
System: E:/Robots ABB/Latte_Art/Gofa_caffe/Virtual Controllers/CRB15000_5_95
RobotWare: 7.18.1
RobotControl: 7.18.1
Shutdown type: 1 mode: 1 reason: 1
Image lost in previous shutdown: no
Restart counter: 2
CFG counter value: 7923
Unfinished crit sec: 0

*** PF INFO ***
Time: Thu Aug  7 14:05:06 2025
System: E:/Robots ABB/Latte_Art/Gofa_caffe/Virtual Controllers/CRB15000_5_95
RobotWare: 7.18.1
RobotControl: 7.18.1
Shutdown type: 1 mode: 1 reason: 1
Image lost in previous shutdown: no
Restart counter: 3
CFG counter value: 8203
Unfinished crit sec: 0

*** PF INFO ***
Time: Thu Aug  7 16:40:06 2025
System: E:/Robots ABB/Latte_Art/Gofa_caffe/Virtual Controllers/CRB15000_5_95
RobotWare: 7.18.1
RobotControl: 7.18.1
Shutdown type: 1 mode: 1 reason: 1
Image lost in previous shutdown: no
Restart counter: 4
CFG counter value: 8299
Unfinished crit sec: 0

*** PF INFO ***
Time: Thu Aug  7 17:19:36 2025
System: G:/Documents/RobotStudio/Projects/GOFA/CAFFEE/Latte_Art/Gofa_caffe/Virtual Controllers/CRB15000_5_95
RobotWare: 7.18.1
RobotControl: 7.18.1
Shutdown type: 1 mode: 1 reason: 1
Image lost in previous shutdown: no
Restart counter: 0
CFG counter value: 7503
Unfinished crit sec: 0

*** PF INFO ***
Time: Thu Aug  7 17:19:53 2025
System: G:/Documents/RobotStudio/Projects/GOFA/CAFFEE/Latte_Art/Gofa_caffe/Virtual Controllers/CRB15000_5_95
RobotWare: 7.18.1
RobotControl: 7.18.1
Shutdown type: 1 mode: 1 reason: 1
Image lost in previous shutdown: no
Restart counter: 1
CFG counter value: 8325
Unfinished crit sec: 0

*** PF INFO ***
Time: Thu Aug  7 17:20:10 2025
System: G:/Documents/RobotStudio/Projects/GOFA/CAFFEE/Latte_Art/Gofa_caffe/Virtual Controllers/CRB15000_5_95
RobotWare: 7.18.1
RobotControl: 7.18.1
Shutdown type: 1 mode: 1 reason: 1
Image lost in previous shutdown: no
Restart counter: 2
CFG counter value: 8421
Unfinished crit sec: 0

*** PF INFO ***
Time: Thu Aug  7 18:53:22 2025
System: G:/Documents/RobotStudio/Projects/GOFA/CAFFEE/Latte_Art/Gofa_caffe/Virtual Controllers/CRB15000_5_95
RobotWare: 7.18.1
RobotControl: 7.18.1
Shutdown type: 1 mode: 1 reason: 1
Image lost in previous shutdown: no
Restart counter: 3
CFG counter value: 8517
Unfinished crit sec: 0

*** PF INFO ***
Time: Fri Aug  8 10:36:52 2025
System: G:/Documents/RobotStudio/Projects/GOFA/CAFFEE/Latte_Art/Gofa_caffe/Virtual Controllers/CRB15000_5_95
RobotWare: 7.18.1
RobotControl: 7.18.1
Shutdown type: 1 mode: 1 reason: 1
Image lost in previous shutdown: no
Restart counter: 4
CFG counter value: 8613
Unfinished crit sec: 0

*** PF INFO ***
Time: Fri Aug  8 12:22:50 2025
System: G:/Documents/RobotStudio/Projects/GOFA/CAFFEE/Latte_Art/Gofa_caffe/Virtual Controllers/CRB15000_5_95
RobotWare: 7.18.1
RobotControl: 7.18.1
Shutdown type: 1 mode: 1 reason: 1
Image lost in previous shutdown: no
Restart counter: 5
CFG counter value: 8709
Unfinished crit sec: 0

*** PF INFO ***
Time: Sun Aug 10 08:56:25 2025
System: C:/Users/DELL/Downloads/Latte_Art/Gofa_caffe/Virtual Controllers/CRB15000_5_95
RobotWare: 7.18.1
RobotControl: 7.18.1
Shutdown type: 1 mode: 1 reason: 1
Image lost in previous shutdown: no
Restart counter: 0
CFG counter value: 7503
Unfinished crit sec: 0

*** PF INFO ***
Time: Sun Aug 10 08:56:38 2025
System: C:/Users/DELL/Downloads/Latte_Art/Gofa_caffe/Virtual Controllers/CRB15000_5_95
RobotWare: 7.18.1
RobotControl: 7.18.1
Shutdown type: 1 mode: 1 reason: 1
Image lost in previous shutdown: no
Restart counter: 1
CFG counter value: 8325
Unfinished crit sec: 0

*** PF INFO ***
Time: Sun Aug 10 08:56:51 2025
System: C:/Users/DELL/Downloads/Latte_Art/Gofa_caffe/Virtual Controllers/CRB15000_5_95
RobotWare: 7.18.1
RobotControl: 7.18.1
Shutdown type: 1 mode: 1 reason: 1
Image lost in previous shutdown: no
Restart counter: 2
CFG counter value: 8421
Unfinished crit sec: 0

*** PF INFO ***
Time: Sun Aug 10 11:57:29 2025
System: C:/Users/DELL/Downloads/Latte_Art/Gofa_caffe/Virtual Controllers/CRB15000_5_95
RobotWare: 7.18.1
RobotControl: 7.18.1
Shutdown type: 1 mode: 1 reason: 1
Image lost in previous shutdown: no
Restart counter: 3
CFG counter value: 8517
Unfinished crit sec: 0

*** PF INFO ***
Time: Sun Aug 10 14:08:29 2025
System: C:/Users/DELL/Downloads/Latte_Art/Gofa_caffe/Virtual Controllers/CRB15000_5_95
RobotWare: 7.18.1
RobotControl: 7.18.1
Shutdown type: 1 mode: 1 reason: 1
Image lost in previous shutdown: no
Restart counter: 4
CFG counter value: 8613
Unfinished crit sec: 0

*** PF INFO ***
Time: Sun Aug 10 14:39:46 2025
System: C:/Users/DELL/Downloads/Latte_Art/Gofa_caffe/Virtual Controllers/CRB15000_5_95
RobotWare: 7.18.1
RobotControl: 7.18.1
Shutdown type: 1 mode: 1 reason: 1
Image lost in previous shutdown: no
Restart counter: 5
CFG counter value: 8709
Unfinished crit sec: 0

*** PF INFO ***
Time: Sun Aug 10 14:53:28 2025
System: C:/Users/DELL/Downloads/Latte_Art/Gofa_caffe/Virtual Controllers/CRB15000_5_95
RobotWare: 7.18.1
RobotControl: 7.18.1
Shutdown type: 1 mode: 1 reason: 1
Image lost in previous shutdown: no
Restart counter: 6
CFG counter value: 8805
Unfinished crit sec: 0

*** PF INFO ***
Time: Sun Aug 10 17:26:14 2025
System: C:/Users/DELL/Downloads/Latte_Art/Gofa_caffe/Virtual Controllers/CRB15000_5_95
RobotWare: 7.18.1
RobotControl: 7.18.1
Shutdown type: 1 mode: 1 reason: 1
Image lost in previous shutdown: no
Restart counter: 7
CFG counter value: 8901
Unfinished crit sec: 0

*** PF INFO ***
Time: Mon Aug 11 07:44:27 2025
System: E:/Robots ABB/Latte_Art/Gofa_caffe/Virtual Controllers/CRB15000_5_95
RobotWare: 7.18.1
RobotControl: 7.18.1
Shutdown type: 1 mode: 1 reason: 1
Image lost in previous shutdown: no
Restart counter: 0
CFG counter value: 7503
Unfinished crit sec: 0

*** PF INFO ***
Time: Mon Aug 11 07:44:40 2025
System: E:/Robots ABB/Latte_Art/Gofa_caffe/Virtual Controllers/CRB15000_5_95
RobotWare: 7.18.1
RobotControl: 7.18.1
Shutdown type: 1 mode: 1 reason: 1
Image lost in previous shutdown: no
Restart counter: 1
CFG counter value: 8325
Unfinished crit sec: 0

*** PF INFO ***
Time: Mon Aug 11 07:44:56 2025
System: E:/Robots ABB/Latte_Art/Gofa_caffe/Virtual Controllers/CRB15000_5_95
RobotWare: 7.18.1
RobotControl: 7.18.1
Shutdown type: 1 mode: 1 reason: 1
Image lost in previous shutdown: no
Restart counter: 2
CFG counter value: 8421
Unfinished crit sec: 0

*** PF INFO ***
Time: Mon Aug 11 10:47:19 2025
System: E:/Robots ABB/Latte_Art/Gofa_caffe/Virtual Controllers/CRB15000_5_95
RobotWare: 7.18.1
RobotControl: 7.18.1
Shutdown type: 1 mode: 1 reason: 1
Image lost in previous shutdown: no
Restart counter: 3
CFG counter value: 8517
Unfinished crit sec: 0

*** PF INFO ***
Time: Thu Aug 14 12:12:03 2025
System: E:/Robots ABB/Latte_Art/Gofa_caffe/Virtual Controllers/CRB15000_5_95
RobotWare: 7.18.1
RobotControl: 7.18.1
Shutdown type: 1 mode: 1 reason: 1
Image lost in previous shutdown: no
Restart counter: 4
CFG counter value: 8613
Unfinished crit sec: 0

*** PF INFO ***
Time: Fri Aug 15 06:08:50 2025
System: E:/Robots ABB/Latte_Art/Gofa_caffe/Virtual Controllers/CRB15000_5_95
RobotWare: 7.18.1
RobotControl: 7.18.1
Shutdown type: 1 mode: 1 reason: 1
Image lost in previous shutdown: no
Restart counter: 5
CFG counter value: 8709
Unfinished crit sec: 0

*** PF INFO ***
Time: Mon Aug 18 11:24:14 2025
System: E:/Robots ABB/Latte_Art/Gofa_caffe/Virtual Controllers/CRB15000_5_95
RobotWare: 7.18.1
RobotControl: 7.18.1
Shutdown type: 1 mode: 1 reason: 1
Image lost in previous shutdown: no
Restart counter: 6
CFG counter value: 8805
Unfinished crit sec: 0

*** PF INFO ***
Time: Tue Aug 19 10:39:17 2025
System: E:/Robots ABB/GoFaCoffeeBrewing/Gofa_caffe/Virtual Controllers/CRB15000_5_95
RobotWare: 7.18.1
RobotControl: 7.18.1
Shutdown type: 1 mode: 1 reason: 1
Image lost in previous shutdown: no
Restart counter: 0
CFG counter value: 7503
Unfinished crit sec: 0

*** PF INFO ***
Time: Tue Aug 19 10:39:38 2025
System: E:/Robots ABB/GoFaCoffeeBrewing/Gofa_caffe/Virtual Controllers/CRB15000_5_95
RobotWare: 7.18.1
RobotControl: 7.18.1
Shutdown type: 1 mode: 1 reason: 1
Image lost in previous shutdown: no
Restart counter: 1
CFG counter value: 8325
Unfinished crit sec: 0

*** PF INFO ***
Time: Tue Aug 19 10:39:50 2025
System: E:/Robots ABB/GoFaCoffeeBrewing/Gofa_caffe/Virtual Controllers/CRB15000_5_95
RobotWare: 7.18.1
RobotControl: 7.18.1
Shutdown type: 1 mode: 1 reason: 1
Image lost in previous shutdown: no
Restart counter: 2
CFG counter value: 8421
Unfinished crit sec: 0

*** PF INFO ***
Time: Tue Aug 19 11:30:10 2025
System: E:/Robots ABB/GoFaCoffeeBrewing/Gofa_caffe/Virtual Controllers/CRB15000_5_95
RobotWare: 7.18.1
RobotControl: 7.18.1
Shutdown type: 1 mode: 1 reason: 1
Image lost in previous shutdown: no
Restart counter: 3
CFG counter value: 8517
Unfinished crit sec: 0

*** PF INFO ***
Time: Tue Aug 19 17:32:24 2025
System: E:/Robots ABB/GoFaCoffeeBrewing/Gofa_caffe/Virtual Controllers/CRB15000_5_95
RobotWare: 7.18.1
RobotControl: 7.18.1
Shutdown type: 1 mode: 1 reason: 1
Image lost in previous shutdown: no
Restart counter: 4
CFG counter value: 8613
Unfinished crit sec: 0

*** PF INFO ***
Time: Wed Aug 20 09:42:50 2025
System: E:/Robots ABB/GoFaCoffeeBrewing/Gofa_caffe/Virtual Controllers/CRB15000_5_95
RobotWare: 7.18.1
RobotControl: 7.18.1
Shutdown type: 1 mode: 1 reason: 1
Image lost in previous shutdown: no
Restart counter: 5
CFG counter value: 8709
Unfinished crit sec: 0

