<13>Aug  7 18:53:21 CRB15000_5_95 ABB-UAL:01:Log-out (user logged out)|-|UAS_UID=6286844|1210|00501|-|robot|	501
<13>Aug  7 18:53:21 CRB15000_5_95 ABB-UAL:01:Log-out (user logged out)|-|Socket=748|1210|00502|-|robot|	502
<13>Aug  8 09:51:27 CRB15000_5_95 ABB-UAL:01:Log-in successful|-|UAS_UID=1540015861|1110|00503|-|robot|Admin	503
<13>Aug  8 09:51:27 CRB15000_5_95 ABB-UAL:01:Log-in successful|-|UAS_UID=1214877468|1110|00504|-|robot|Admin	504
<13>Aug  8 10:36:51 CRB15000_5_95 ABB-UAL:01:Log-out (user logged out)|-|UAS_UID=1214877468|1210|00505|-|robot|	505
<13>Aug  8 10:36:51 CRB15000_5_95 ABB-UAL:01:Log-out (user logged out)|-|UAS_UID=1540015861|1210|00506|-|robot|	506
<13>Aug  8 10:36:51 CRB15000_5_95 ABB-UAL:01:Log-out (user logged out)|-|Socket=748|1210|00507|-|robot|	507
<13>Aug  8 10:37:47 CRB15000_5_95 ABB-UAL:01:Log-in successful|-|UAS_UID=1895826819|1110|00508|-|robot|Admin	508
<13>Aug  8 10:37:47 CRB15000_5_95 ABB-UAL:01:Log-in successful|-|UAS_UID=1880295420|1110|00509|-|robot|Admin	509
<13>Aug  8 11:23:29 CRB15000_5_95 ABB-UAL:01:Log-in successful|-|UAS_UID=1156970296|1110|00510|-|robot|Default User	510
<13>Aug  8 11:23:29 CRB15000_5_95 ABB-UAL:01:Log-in successful|-|UAS_UID=27218037|1110|00511|-|robot|Default User	511
<13>Aug  8 12:22:37 CRB15000_5_95 ABB-UAL:01:Log-out (user logged out)|-|UAS_UID=27218037|1210|00512|-|robot|	512
<13>Aug  8 12:22:37 CRB15000_5_95 ABB-UAL:01:Log-out (user logged out)|-|Socket=2820|1210|00513|-|robot|	513
<13>Aug  8 12:22:50 CRB15000_5_95 ABB-UAL:01:Log-out (user logged out)|-|UAS_UID=1880295420|1210|00514|-|robot|	514
<13>Aug  8 12:22:50 CRB15000_5_95 ABB-UAL:01:Log-out (user logged out)|-|UAS_UID=1895826819|1210|00515|-|robot|	515
<13>Aug  8 12:22:50 CRB15000_5_95 ABB-UAL:01:Log-out (user logged out)|-|Socket=748|1210|00516|-|robot|	516
<9>Aug 10 08:56:26 CRB15000_5_95 ABB-UAL:01:Log data hash check failed (Log data altered)|-|error read from syslog.log|3220|00517|-|robot|syslog	517
<13>Aug 10 08:56:37 CRB15000_5_95 ABB-UAL:01:Log-in successful|-|UAS_UID=1431875024|1110|00518|-|robot|Default User	518
<13>Aug 10 08:56:37 CRB15000_5_95 ABB-UAL:01:Log-in successful|-|UAS_UID=553046213|1110|00519|-|robot|Default User	519
<13>Aug 10 08:56:37 CRB15000_5_95 ABB-UAL:01:Configuration upload|-|Start restore|1331|00520|-|robot|1431875024	520
<13>Aug 10 08:56:38 CRB15000_5_95 ABB-UAL:01:Log-out (user logged out)|-|UAS_UID=1431875024|1210|00521|-|robot|	521
<13>Aug 10 08:56:38 CRB15000_5_95 ABB-UAL:01:Log-out (user logged out)|-|Socket=3140|1210|00522|-|robot|	522
<13>Aug 10 08:56:45 CRB15000_5_95 ABB-UAL:01:Log-in successful|-|UAS_UID=416267286|1110|00523|-|robot|Default User	523
<13>Aug 10 08:56:45 CRB15000_5_95 ABB-UAL:01:Log-in successful|-|UAS_UID=2103733941|1110|00524|-|robot|Default User	524
<13>Aug 10 08:56:50 CRB15000_5_95 ABB-UAL:01:Log-out (user logged out)|-|UAS_UID=2103733941|1210|00525|-|robot|	525
<13>Aug 10 08:56:50 CRB15000_5_95 ABB-UAL:01:Log-out (user logged out)|-|UAS_UID=416267286|1210|00526|-|robot|	526
<13>Aug 10 08:56:50 CRB15000_5_95 ABB-UAL:01:Log-out (user logged out)|-|Socket=3144|1210|00527|-|robot|	527
<13>Aug 10 08:56:57 CRB15000_5_95 ABB-UAL:01:Log-in successful|-|UAS_UID=1753131692|1110|00528|-|robot|Admin	528
<13>Aug 10 08:56:57 CRB15000_5_95 ABB-UAL:01:Log-in successful|-|UAS_UID=1493194354|1110|00529|-|robot|Admin	529
<13>Aug 10 09:15:56 CRB15000_5_95 ABB-UAL:01:Log-out (user logged out)|-|UAS_UID=1753131692|1210|00530|-|robot|	530
<13>Aug 10 09:15:56 CRB15000_5_95 ABB-UAL:01:Log-out (user logged out)|-|Socket=748|1210|00531|-|robot|	531
<13>Aug 10 09:16:09 CRB15000_5_95 ABB-UAL:01:Log-in successful|-|UAS_UID=1327057533|1110|00532|-|robot|Admin	532
<13>Aug 10 09:16:09 CRB15000_5_95 ABB-UAL:01:Log-out (user logged out)|-|UAS_UID=1493194354|1210|00533|-|robot|	533
<13>Aug 10 09:16:09 CRB15000_5_95 ABB-UAL:01:Log-in successful|-|UAS_UID=1812695023|1110|00534|-|robot|Admin	534
<13>Aug 10 10:44:56 CRB15000_5_95 ABB-UAL:01:Log-out (user logged out)|-|UAS_UID=1812695023|1210|00535|-|robot|	535
<13>Aug 10 10:46:38 CRB15000_5_95 ABB-UAL:01:Log-in successful|-|UAS_UID=1100263554|1110|00536|-|robot|Admin	536
<13>Aug 10 11:01:07 CRB15000_5_95 ABB-UAL:01:Log-out (user logged out)|-|UAS_UID=1100263554|1210|00537|-|robot|	537
<13>Aug 10 11:01:07 CRB15000_5_95 ABB-UAL:01:Log-in successful|-|UAS_UID=885827334|1110|00538|-|robot|Admin	538
<13>Aug 10 11:56:05 CRB15000_5_95 ABB-UAL:01:Log-out (user logged out)|-|UAS_UID=885827334|1210|00539|-|robot|	539
<13>Aug 10 11:56:08 CRB15000_5_95 ABB-UAL:01:Log-in successful|-|UAS_UID=1221670234|1110|00540|-|robot|Admin	540
<13>Aug 10 11:57:28 CRB15000_5_95 ABB-UAL:01:Log-out (user logged out)|-|UAS_UID=1221670234|1210|00541|-|robot|	541
<13>Aug 10 11:57:28 CRB15000_5_95 ABB-UAL:01:Log-out (user logged out)|-|UAS_UID=1327057533|1210|00542|-|robot|	542
<13>Aug 10 11:57:28 CRB15000_5_95 ABB-UAL:01:Log-out (user logged out)|-|Socket=3448|1210|00543|-|robot|	543
<13>Aug 10 12:48:01 CRB15000_5_95 ABB-UAL:01:Log-in successful|-|UAS_UID=1103681088|1110|00544|-|robot|Admin	544
<13>Aug 10 12:48:01 CRB15000_5_95 ABB-UAL:01:Log-in successful|-|UAS_UID=586978955|1110|00545|-|robot|Admin	545
<13>Aug 10 13:33:31 CRB15000_5_95 ABB-UAL:01:Log-out (user logged out)|-|UAS_UID=586978955|1210|00546|-|robot|	546
<13>Aug 10 13:35:01 CRB15000_5_95 ABB-UAL:01:Log-in successful|-|UAS_UID=299004821|1110|00547|-|robot|Admin	547
<13>Aug 10 14:08:28 CRB15000_5_95 ABB-UAL:01:Log-out (user logged out)|-|UAS_UID=299004821|1210|00548|-|robot|	548
<13>Aug 10 14:08:28 CRB15000_5_95 ABB-UAL:01:Log-out (user logged out)|-|UAS_UID=1103681088|1210|00549|-|robot|	549
<13>Aug 10 14:08:28 CRB15000_5_95 ABB-UAL:01:Log-out (user logged out)|-|Socket=3124|1210|00550|-|robot|	550
<13>Aug 10 14:08:48 CRB15000_5_95 ABB-UAL:01:Log-in successful|-|UAS_UID=658684840|1110|00551|-|robot|Admin	551
<13>Aug 10 14:08:48 CRB15000_5_95 ABB-UAL:01:Log-in successful|-|UAS_UID=1047091755|1110|00552|-|robot|Admin	552
<13>Aug 10 14:39:46 CRB15000_5_95 ABB-UAL:01:Log-out (user logged out)|-|UAS_UID=1047091755|1210|00553|-|robot|	553
<13>Aug 10 14:39:46 CRB15000_5_95 ABB-UAL:01:Log-out (user logged out)|-|UAS_UID=658684840|1210|00554|-|robot|	554
<13>Aug 10 14:39:46 CRB15000_5_95 ABB-UAL:01:Log-out (user logged out)|-|Socket=560|1210|00555|-|robot|	555
<13>Aug 10 14:40:09 CRB15000_5_95 ABB-UAL:01:Log-in successful|-|UAS_UID=1328595244|1110|00556|-|robot|Admin	556
<13>Aug 10 14:40:09 CRB15000_5_95 ABB-UAL:01:Log-in successful|-|UAS_UID=1161853829|1110|00557|-|robot|Admin	557
<13>Aug 10 14:53:27 CRB15000_5_95 ABB-UAL:01:Log-out (user logged out)|-|UAS_UID=1161853829|1210|00558|-|robot|	558
<13>Aug 10 14:53:27 CRB15000_5_95 ABB-UAL:01:Log-out (user logged out)|-|UAS_UID=1328595244|1210|00559|-|robot|	559
<13>Aug 10 14:53:27 CRB15000_5_95 ABB-UAL:01:Log-out (user logged out)|-|Socket=748|1210|00560|-|robot|	560
<13>Aug 10 14:53:48 CRB15000_5_95 ABB-UAL:01:Log-in successful|-|UAS_UID=1721234641|1110|00561|-|robot|Admin	561
<13>Aug 10 14:53:48 CRB15000_5_95 ABB-UAL:01:Log-in successful|-|UAS_UID=1415118359|1110|00562|-|robot|Admin	562
<13>Aug 10 15:03:22 CRB15000_5_95 ABB-UAL:01:Log-out (user logged out)|-|UAS_UID=1415118359|1210|00563|-|robot|	563
<13>Aug 10 15:04:22 CRB15000_5_95 ABB-UAL:01:Log-in successful|-|UAS_UID=1673544675|1110|00564|-|robot|Admin	564
<13>Aug 10 15:57:50 CRB15000_5_95 ABB-UAL:01:Log-out (user logged out)|-|UAS_UID=1673544675|1210|00565|-|robot|	565
<13>Aug 10 15:59:41 CRB15000_5_95 ABB-UAL:01:Log-in successful|-|UAS_UID=473426768|1110|00566|-|robot|Admin	566
<13>Aug 10 16:16:20 CRB15000_5_95 ABB-UAL:01:Log-out (user logged out)|-|UAS_UID=473426768|1210|00567|-|robot|	567
<13>Aug 10 16:16:20 CRB15000_5_95 ABB-UAL:01:Log-in successful|-|UAS_UID=495209082|1110|00568|-|robot|Admin	568
<13>Aug 10 16:46:23 CRB15000_5_95 ABB-UAL:01:Log-out (user logged out)|-|UAS_UID=495209082|1210|00569|-|robot|	569
<13>Aug 10 16:46:23 CRB15000_5_95 ABB-UAL:01:Log-in successful|-|UAS_UID=19924607|1110|00570|-|robot|Admin	570
<13>Aug 10 17:12:58 CRB15000_5_95 ABB-UAL:01:Log-out (user logged out)|-|UAS_UID=19924607|1210|00571|-|robot|	571
<13>Aug 10 17:13:26 CRB15000_5_95 ABB-UAL:01:Log-in successful|-|UAS_UID=1321197040|1110|00572|-|robot|Admin	572
<13>Aug 10 17:26:13 CRB15000_5_95 ABB-UAL:01:Log-out (user logged out)|-|UAS_UID=1321197040|1210|00573|-|robot|	573
<13>Aug 10 17:26:13 CRB15000_5_95 ABB-UAL:01:Log-out (user logged out)|-|UAS_UID=1721234641|1210|00574|-|robot|	574
<13>Aug 10 17:26:13 CRB15000_5_95 ABB-UAL:01:Log-out (user logged out)|-|Socket=560|1210|00575|-|robot|	575
<9>Aug 11 07:44:28 CRB15000_5_95 ABB-UAL:01:Log data hash check failed (Log data altered)|-|invalid digest syslog.log|3220|00576|-|robot|syslog	576
<13>Aug 11 07:44:38 CRB15000_5_95 ABB-UAL:01:Log-in successful|-|UAS_UID=266195944|1110|00577|-|robot|Default User	577
<13>Aug 11 07:44:38 CRB15000_5_95 ABB-UAL:01:Log-in successful|-|UAS_UID=784156148|1110|00578|-|robot|Default User	578
<13>Aug 11 07:44:39 CRB15000_5_95 ABB-UAL:01:Configuration upload|-|Start restore|1331|00579|-|robot|266195944	579
<13>Aug 11 07:44:51 CRB15000_5_95 ABB-UAL:01:Log-in successful|-|UAS_UID=1356330630|1110|00580|-|robot|Default User	580
<13>Aug 11 07:44:51 CRB15000_5_95 ABB-UAL:01:Log-in successful|-|UAS_UID=1371472483|1110|00581|-|robot|Default User	581
<13>Aug 11 07:44:56 CRB15000_5_95 ABB-UAL:01:Log-out (user logged out)|-|UAS_UID=1371472483|1210|00582|-|robot|	582
<13>Aug 11 07:44:56 CRB15000_5_95 ABB-UAL:01:Log-out (user logged out)|-|UAS_UID=1356330630|1210|00583|-|robot|	583
<13>Aug 11 07:44:56 CRB15000_5_95 ABB-UAL:01:Log-out (user logged out)|-|Socket=3148|1210|00584|-|robot|	584
<13>Aug 11 07:45:02 CRB15000_5_95 ABB-UAL:01:Log-in successful|-|UAS_UID=1626285166|1110|00585|-|robot|Admin	585
<13>Aug 11 07:45:02 CRB15000_5_95 ABB-UAL:01:Log-in successful|-|UAS_UID=713778537|1110|00586|-|robot|Admin	586
<13>Aug 11 07:53:00 CRB15000_5_95 ABB-UAL:01:Log-out (user logged out)|-|UAS_UID=713778537|1210|00587|-|robot|	587
<13>Aug 11 07:53:00 CRB15000_5_95 ABB-UAL:01:Log-in successful|-|UAS_UID=1457465884|1110|00588|-|robot|Admin	588
<13>Aug 11 07:54:18 CRB15000_5_95 ABB-UAL:01:Log-in successful|-|UAS_UID=1391212080|1110|00589|-|robot|Default User	589
<13>Aug 11 07:54:18 CRB15000_5_95 ABB-UAL:01:Log-in successful|-|UAS_UID=1257284562|1110|00590|-|robot|Default User	590
<13>Aug 11 07:54:18 CRB15000_5_95 ABB-UAL:01:Log-out (user logged out)|-|UAS_UID=1391212080|1210|00591|-|robot|	591
<13>Aug 11 07:54:18 CRB15000_5_95 ABB-UAL:01:Log-out (user logged out)|-|UAS_UID=1257284562|1210|00592|-|robot|	592
<13>Aug 11 07:54:18 CRB15000_5_95 ABB-UAL:01:Log-in successful|-|UAS_UID=723595320|1110|00593|-|robot|Default User	593
<13>Aug 11 07:54:18 CRB15000_5_95 ABB-UAL:01:Log-in successful|-|UAS_UID=338496568|1110|00594|-|robot|Default User	594
<13>Aug 11 08:07:34 CRB15000_5_95 ABB-UAL:01:Log-out (user logged out)|-|UAS_UID=338496568|1210|00595|-|robot|	595
<13>Aug 11 08:07:34 CRB15000_5_95 ABB-UAL:01:Log-out (user logged out)|-|UAS_UID=1457465884|1210|00596|-|robot|	596
<13>Aug 11 08:08:25 CRB15000_5_95 ABB-UAL:01:Log-in successful|-|UAS_UID=1651927821|1110|00597|-|robot|Admin	597
<13>Aug 11 08:09:43 CRB15000_5_95 ABB-UAL:01:Log-in successful|-|UAS_UID=1221682168|1110|00598|-|robot|Default User	598
<13>Aug 11 08:26:59 CRB15000_5_95 ABB-UAL:01:Log-out (user logged out)|-|UAS_UID=1221682168|1210|00599|-|robot|	599
<13>Aug 11 08:26:59 CRB15000_5_95 ABB-UAL:01:Log-out (user logged out)|-|UAS_UID=1651927821|1210|00600|-|robot|	600
<13>Aug 11 08:28:32 CRB15000_5_95 ABB-UAL:01:Log-in successful|-|UAS_UID=1069058918|1110|00601|-|robot|Admin	601
<13>Aug 11 08:29:50 CRB15000_5_95 ABB-UAL:01:Log-in successful|-|UAS_UID=582916147|1110|00602|-|robot|Default User	602
<13>Aug 11 08:45:08 CRB15000_5_95 ABB-UAL:01:Log-out (user logged out)|-|UAS_UID=582916147|1210|00603|-|robot|	603
<13>Aug 11 08:45:08 CRB15000_5_95 ABB-UAL:01:Log-out (user logged out)|-|UAS_UID=723595320|1210|00604|-|robot|	604
<13>Aug 11 09:14:09 CRB15000_5_95 ABB-UAL:01:Log-out (user logged out)|-|UAS_UID=1069058918|1210|00605|-|robot|	605
<13>Aug 11 09:15:53 CRB15000_5_95 ABB-UAL:01:Log-in successful|-|UAS_UID=1137146062|1110|00606|-|robot|Admin	606
<13>Aug 11 09:25:35 CRB15000_5_95 ABB-UAL:01:Log-out (user logged out)|-|UAS_UID=1137146062|1210|00607|-|robot|	607
<13>Aug 11 09:27:39 CRB15000_5_95 ABB-UAL:01:Log-in successful|-|UAS_UID=741220761|1110|00608|-|robot|Admin	608
<13>Aug 11 09:40:59 CRB15000_5_95 ABB-UAL:01:Log-out (user logged out)|-|UAS_UID=1626285166|1210|00609|-|robot|	609
<13>Aug 11 09:40:59 CRB15000_5_95 ABB-UAL:01:Log-out (user logged out)|-|Socket=748|1210|00610|-|robot|	610
<13>Aug 11 09:41:11 CRB15000_5_95 ABB-UAL:01:Log-in successful|-|UAS_UID=1169587570|1110|00611|-|robot|Admin	611
<13>Aug 11 09:41:11 CRB15000_5_95 ABB-UAL:01:Log-in successful|-|UAS_UID=247509364|1110|00612|-|robot|Admin	612
<13>Aug 11 09:42:09 CRB15000_5_95 ABB-UAL:01:Log-out (user logged out)|-|UAS_UID=741220761|1210|00613|-|robot|	613
<13>Aug 11 09:50:47 CRB15000_5_95 ABB-UAL:01:Log-out (user logged out)|-|UAS_UID=247509364|1210|00614|-|robot|	614
<13>Aug 11 09:50:50 CRB15000_5_95 ABB-UAL:01:Log-in successful|-|UAS_UID=312115118|1110|00615|-|robot|Admin	615
<13>Aug 11 10:45:20 CRB15000_5_95 ABB-UAL:01:Log-out (user logged out)|-|UAS_UID=1169587570|1210|00616|-|robot|	616
<13>Aug 11 10:45:20 CRB15000_5_95 ABB-UAL:01:Log-out (user logged out)|-|Socket=3436|1210|00617|-|robot|	617
<13>Aug 11 10:45:22 CRB15000_5_95 ABB-UAL:01:Log-out (user logged out)|-|UAS_UID=312115118|1210|00618|-|robot|	618
<13>Aug 11 10:45:33 CRB15000_5_95 ABB-UAL:01:Log-in successful|-|UAS_UID=1870914598|1110|00619|-|robot|Admin	619
<13>Aug 11 10:45:33 CRB15000_5_95 ABB-UAL:01:Log-in successful|-|UAS_UID=732393582|1110|00620|-|robot|Admin	620
<13>Aug 11 10:47:18 CRB15000_5_95 ABB-UAL:01:Log-out (user logged out)|-|UAS_UID=732393582|1210|00621|-|robot|	621
<13>Aug 11 10:47:18 CRB15000_5_95 ABB-UAL:01:Log-out (user logged out)|-|UAS_UID=1870914598|1210|00622|-|robot|	622
<13>Aug 11 10:47:18 CRB15000_5_95 ABB-UAL:01:Log-out (user logged out)|-|Socket=3432|1210|00623|-|robot|	623
<13>Aug 14 12:05:47 CRB15000_5_95 ABB-UAL:01:Log-in successful|-|UAS_UID=117674842|1110|00624|-|robot|Admin	624
<13>Aug 14 12:05:47 CRB15000_5_95 ABB-UAL:01:Log-in successful|-|UAS_UID=1336564667|1110|00625|-|robot|Admin	625
<13>Aug 14 12:12:02 CRB15000_5_95 ABB-UAL:01:Log-out (user logged out)|-|UAS_UID=1336564667|1210|00626|-|robot|	626
<13>Aug 14 12:12:02 CRB15000_5_95 ABB-UAL:01:Log-out (user logged out)|-|UAS_UID=117674842|1210|00627|-|robot|	627
<13>Aug 14 12:12:02 CRB15000_5_95 ABB-UAL:01:Log-out (user logged out)|-|Socket=560|1210|00628|-|robot|	628
<13>Aug 15 02:58:39 CRB15000_5_95 ABB-UAL:01:Log-in successful|-|UAS_UID=1638819893|1110|00629|-|robot|Admin	629
<13>Aug 15 02:58:39 CRB15000_5_95 ABB-UAL:01:Log-in successful|-|UAS_UID=453845055|1110|00630|-|robot|Admin	630
<13>Aug 15 04:25:47 CRB15000_5_95 ABB-UAL:01:Log-out (user logged out)|-|UAS_UID=453845055|1210|00631|-|robot|	631
<13>Aug 15 04:27:22 CRB15000_5_95 ABB-UAL:01:Log-in successful|-|UAS_UID=946769151|1110|00632|-|robot|Admin	632
<13>Aug 15 04:55:13 CRB15000_5_95 ABB-UAL:01:Log-out (user logged out)|-|UAS_UID=946769151|1210|00633|-|robot|	633
<13>Aug 15 04:56:12 CRB15000_5_95 ABB-UAL:01:Log-in successful|-|UAS_UID=536804934|1110|00634|-|robot|Admin	634
<13>Aug 15 06:01:35 CRB15000_5_95 ABB-UAL:01:Log-out (user logged out)|-|UAS_UID=536804934|1210|00635|-|robot|	635
<13>Aug 15 06:08:39 CRB15000_5_95 ABB-UAL:01:Log-in successful|-|UAS_UID=238510560|1110|00636|-|robot|Admin	636
<13>Aug 15 06:08:50 CRB15000_5_95 ABB-UAL:01:Log-out (user logged out)|-|UAS_UID=238510560|1210|00637|-|robot|	637
<13>Aug 15 06:08:50 CRB15000_5_95 ABB-UAL:01:Log-out (user logged out)|-|UAS_UID=1638819893|1210|00638|-|robot|	638
<13>Aug 15 06:08:50 CRB15000_5_95 ABB-UAL:01:Log-out (user logged out)|-|Socket=3124|1210|00639|-|robot|	639
<13>Aug 18 11:07:56 CRB15000_5_95 ABB-UAL:01:Log-in successful|-|UAS_UID=1734081701|1110|00640|-|robot|Admin	640
<13>Aug 18 11:07:56 CRB15000_5_95 ABB-UAL:01:Log-in successful|-|UAS_UID=1612546616|1110|00641|-|robot|Admin	641
<13>Aug 18 11:24:14 CRB15000_5_95 ABB-UAL:01:Log-out (user logged out)|-|UAS_UID=1612546616|1210|00642|-|robot|	642
<13>Aug 18 11:24:14 CRB15000_5_95 ABB-UAL:01:Log-out (user logged out)|-|UAS_UID=1734081701|1210|00643|-|robot|	643
<13>Aug 18 11:24:14 CRB15000_5_95 ABB-UAL:01:Log-out (user logged out)|-|Socket=748|1210|00644|-|robot|	644
<9>Aug 19 10:39:18 CRB15000_5_95 ABB-UAL:01:Log data hash check failed (Log data altered)|-|invalid digest syslog.log|3220|00645|-|robot|syslog	645
<13>Aug 19 10:39:27 CRB15000_5_95 ABB-UAL:01:Log-in successful|-|UAS_UID=809513861|1110|00646|-|robot|Default User	646
<13>Aug 19 10:39:27 CRB15000_5_95 ABB-UAL:01:Log-in successful|-|UAS_UID=1606882220|1110|00647|-|robot|Default User	647
<13>Aug 19 10:39:27 CRB15000_5_95 ABB-UAL:01:Configuration upload|-|Start restore|1331|00648|-|robot|809513861	648
<13>Aug 19 10:39:45 CRB15000_5_95 ABB-UAL:01:Log-in successful|-|UAS_UID=1068811386|1110|00649|-|robot|Default User	649
<13>Aug 19 10:39:45 CRB15000_5_95 ABB-UAL:01:Log-in successful|-|UAS_UID=1732643264|1110|00650|-|robot|Default User	650
<13>Aug 19 10:39:50 CRB15000_5_95 ABB-UAL:01:Log-out (user logged out)|-|UAS_UID=1732643264|1210|00651|-|robot|	651
<13>Aug 19 10:39:50 CRB15000_5_95 ABB-UAL:01:Log-out (user logged out)|-|UAS_UID=1068811386|1210|00652|-|robot|	652
<13>Aug 19 10:39:50 CRB15000_5_95 ABB-UAL:01:Log-out (user logged out)|-|Socket=3144|1210|00653|-|robot|	653
<13>Aug 19 10:39:56 CRB15000_5_95 ABB-UAL:01:Log-in successful|-|UAS_UID=173364795|1110|00654|-|robot|Admin	654
<13>Aug 19 10:39:56 CRB15000_5_95 ABB-UAL:01:Log-in successful|-|UAS_UID=1344864692|1110|00655|-|robot|Admin	655
<13>Aug 19 11:13:38 CRB15000_5_95 ABB-UAL:01:Log-out (user logged out)|-|UAS_UID=173364795|1210|00656|-|robot|	656
<13>Aug 19 11:13:38 CRB15000_5_95 ABB-UAL:01:Log-out (user logged out)|-|Socket=560|1210|00657|-|robot|	657
<13>Aug 19 11:13:38 CRB15000_5_95 ABB-UAL:01:Log-out (user logged out)|-|UAS_UID=1344864692|1210|00658|-|robot|	658
<13>Aug 19 11:13:51 CRB15000_5_95 ABB-UAL:01:Log-in successful|-|UAS_UID=1071021168|1110|00659|-|robot|Admin	659
<13>Aug 19 11:13:51 CRB15000_5_95 ABB-UAL:01:Log-in successful|-|UAS_UID=1586229478|1110|00660|-|robot|Admin	660
<13>Aug 19 11:30:09 CRB15000_5_95 ABB-UAL:01:Log-out (user logged out)|-|UAS_UID=1586229478|1210|00661|-|robot|	661
<13>Aug 19 11:30:09 CRB15000_5_95 ABB-UAL:01:Log-out (user logged out)|-|UAS_UID=1071021168|1210|00662|-|robot|	662
<13>Aug 19 11:30:09 CRB15000_5_95 ABB-UAL:01:Log-out (user logged out)|-|Socket=748|1210|00663|-|robot|	663
<13>Aug 19 11:30:26 CRB15000_5_95 ABB-UAL:01:Log-in successful|-|UAS_UID=724288911|1110|00664|-|robot|Admin	664
<13>Aug 19 11:30:27 CRB15000_5_95 ABB-UAL:01:Log-in successful|-|UAS_UID=403672440|1110|00665|-|robot|Admin	665
<13>Aug 19 12:40:32 CRB15000_5_95 ABB-UAL:01:Log-out (user logged out)|-|UAS_UID=724288911|1210|00666|-|robot|	666
<13>Aug 19 12:40:32 CRB15000_5_95 ABB-UAL:01:Log-out (user logged out)|-|Socket=748|1210|00667|-|robot|	667
<13>Aug 19 12:40:33 CRB15000_5_95 ABB-UAL:01:Log-out (user logged out)|-|UAS_UID=403672440|1210|00668|-|robot|	668
<13>Aug 19 12:40:45 CRB15000_5_95 ABB-UAL:01:Log-in successful|-|UAS_UID=766277950|1110|00669|-|robot|Admin	669
<13>Aug 19 12:40:45 CRB15000_5_95 ABB-UAL:01:Log-in successful|-|UAS_UID=741601189|1110|00670|-|robot|Admin	670
<13>Aug 19 13:22:13 CRB15000_5_95 ABB-UAL:01:Log-out (user logged out)|-|UAS_UID=741601189|1210|00671|-|robot|	671
<13>Aug 19 13:23:27 CRB15000_5_95 ABB-UAL:01:Log-in successful|-|UAS_UID=1561067198|1110|00672|-|robot|Admin	672
<13>Aug 19 13:52:58 CRB15000_5_95 ABB-UAL:01:Log-out (user logged out)|-|UAS_UID=1561067198|1210|00673|-|robot|	673
<13>Aug 19 13:54:42 CRB15000_5_95 ABB-UAL:01:Log-in successful|-|UAS_UID=1423728826|1110|00674|-|robot|Admin	674
<13>Aug 19 14:55:34 CRB15000_5_95 ABB-UAL:01:Log-out (user logged out)|-|UAS_UID=1423728826|1210|00675|-|robot|	675
<13>Aug 19 14:58:07 CRB15000_5_95 ABB-UAL:01:Log-in successful|-|UAS_UID=58386215|1110|00676|-|robot|Admin	676
<13>Aug 19 15:37:00 CRB15000_5_95 ABB-UAL:01:Log-out (user logged out)|-|UAS_UID=58386215|1210|00677|-|robot|	677
<13>Aug 19 15:37:34 CRB15000_5_95 ABB-UAL:01:Log-in successful|-|UAS_UID=460262662|1110|00678|-|robot|Admin	678
<13>Aug 19 15:48:37 CRB15000_5_95 ABB-UAL:01:Log-out (user logged out)|-|UAS_UID=460262662|1210|00679|-|robot|	679
<13>Aug 19 15:49:01 CRB15000_5_95 ABB-UAL:01:Log-in successful|-|UAS_UID=1123758858|1110|00680|-|robot|Admin	680
<13>Aug 19 17:32:23 CRB15000_5_95 ABB-UAL:01:Log-out (user logged out)|-|UAS_UID=1123758858|1210|00681|-|robot|	681
<13>Aug 19 17:32:23 CRB15000_5_95 ABB-UAL:01:Log-out (user logged out)|-|UAS_UID=766277950|1210|00682|-|robot|	682
<13>Aug 19 17:32:23 CRB15000_5_95 ABB-UAL:01:Log-out (user logged out)|-|Socket=3408|1210|00683|-|robot|	683
<13>Aug 20 09:41:21 CRB15000_5_95 ABB-UAL:01:Log-in successful|-|UAS_UID=543754158|1110|00684|-|robot|Admin	684
<13>Aug 20 09:41:21 CRB15000_5_95 ABB-UAL:01:Log-in successful|-|UAS_UID=686963071|1110|00685|-|robot|Admin	685
<13>Aug 20 09:42:49 CRB15000_5_95 ABB-UAL:01:Log-out (user logged out)|-|UAS_UID=686963071|1210|00686|-|robot|	686
<13>Aug 20 09:42:49 CRB15000_5_95 ABB-UAL:01:Log-out (user logged out)|-|UAS_UID=543754158|1210|00687|-|robot|	687
<13>Aug 20 09:42:49 CRB15000_5_95 ABB-UAL:01:Log-out (user logged out)|-|Socket=3140|1210|00688|-|robot|	688
<13>Aug 20 12:35:05 CRB15000_5_95 ABB-UAL:01:Log-in successful|-|UAS_UID=876839592|1110|00689|-|robot|Admin	689
<13>Aug 20 12:35:05 CRB15000_5_95 ABB-UAL:01:Log-in successful|-|UAS_UID=104668560|1110|00690|-|robot|Admin	690
<13>Aug 20 12:52:48 CRB15000_5_95 ABB-UAL:01:Log-out (user logged out)|-|UAS_UID=104668560|1210|00691|-|robot|	691
<13>Aug 20 12:52:48 CRB15000_5_95 ABB-UAL:01:Log-out (user logged out)|-|UAS_UID=876839592|1210|00692|-|robot|	692
<13>Aug 20 12:52:48 CRB15000_5_95 ABB-UAL:01:Log-out (user logged out)|-|Socket=3140|1210|00693|-|robot|	693
<13>Aug 20 12:53:25 CRB15000_5_95 ABB-UAL:01:Log-in successful|-|UAS_UID=57758424|1110|00694|-|robot|Admin	694
<13>Aug 20 12:53:25 CRB15000_5_95 ABB-UAL:01:Log-in successful|-|UAS_UID=71363205|1110|00695|-|robot|Admin	695
<13>Aug 20 13:00:46 CRB15000_5_95 ABB-UAL:01:Log-out (user logged out)|-|UAS_UID=71363205|1210|00696|-|robot|	696
<13>Aug 20 13:00:46 CRB15000_5_95 ABB-UAL:01:Log-out (user logged out)|-|UAS_UID=57758424|1210|00697|-|robot|	697
<13>Aug 20 13:00:46 CRB15000_5_95 ABB-UAL:01:Log-out (user logged out)|-|Socket=560|1210|00698|-|robot|	698
<13>Aug 20 13:02:59 CRB15000_5_95 ABB-UAL:01:Log-in successful|-|UAS_UID=255199064|1110|00699|-|robot|Admin	699
<13>Aug 20 13:02:59 CRB15000_5_95 ABB-UAL:01:Log-in successful|-|UAS_UID=923702928|1110|00700|-|robot|Admin	700
<13>Aug 20 13:17:56 CRB15000_5_95 ABB-UAL:01:Log-out (user logged out)|-|UAS_UID=923702928|1210|00701|-|robot|	701
<13>Aug 20 13:20:33 CRB15000_5_95 ABB-UAL:01:Log-in successful|-|UAS_UID=921840710|1110|00702|-|robot|Admin	702
<13>Aug 20 14:01:17 CRB15000_5_95 ABB-UAL:01:Log-out (user logged out)|-|UAS_UID=921840710|1210|00703|-|robot|	703
<13>Aug 20 14:04:05 CRB15000_5_95 ABB-UAL:01:Log-in successful|-|UAS_UID=1220840970|1110|00704|-|robot|Admin	704
<13>Aug 20 14:24:04 CRB15000_5_95 ABB-UAL:01:Log-out (user logged out)|-|UAS_UID=1220840970|1210|00705|-|robot|	705
<13>Aug 20 14:26:27 CRB15000_5_95 ABB-UAL:01:Log-in successful|-|UAS_UID=134024178|1110|00706|-|robot|Admin	706
<13>Aug 20 14:37:01 CRB15000_5_95 ABB-UAL:01:Log-out (user logged out)|-|UAS_UID=134024178|1210|00707|-|robot|	707
<13>Aug 20 14:37:01 CRB15000_5_95 ABB-UAL:01:Log-out (user logged out)|-|UAS_UID=255199064|1210|00708|-|robot|	708
<13>Aug 20 14:37:01 CRB15000_5_95 ABB-UAL:01:Log-out (user logged out)|-|Socket=560|1210|00709|-|robot|	709
<9>Aug 20 15:56:40 CRB15000_5_95 ABB-UAL:01:Log data hash check failed (Log data altered)|-|error read from syslog.log|3220|00710|-|robot|syslog	710
<13>Aug 20 15:56:51 CRB15000_5_95 ABB-UAL:01:Log-in successful|-|UAS_UID=621276882|1110|00711|-|robot|Default User	711
<13>Aug 20 15:56:51 CRB15000_5_95 ABB-UAL:01:Log-in successful|-|UAS_UID=144669875|1110|00712|-|robot|Default User	712
<13>Aug 20 15:56:51 CRB15000_5_95 ABB-UAL:01:Configuration upload|-|Start restore|1331|00713|-|robot|621276882	713
<13>Aug 20 15:57:12 CRB15000_5_95 ABB-UAL:01:Log-in successful|-|UAS_UID=844392|1110|00714|-|robot|Default User	714
<13>Aug 20 15:57:12 CRB15000_5_95 ABB-UAL:01:Log-in successful|-|UAS_UID=1034160204|1110|00715|-|robot|Default User	715
<13>Aug 20 15:57:17 CRB15000_5_95 ABB-UAL:01:Log-out (user logged out)|-|UAS_UID=1034160204|1210|00716|-|robot|	716
<13>Aug 20 15:57:17 CRB15000_5_95 ABB-UAL:01:Log-out (user logged out)|-|UAS_UID=844392|1210|00717|-|robot|	717
<13>Aug 20 15:57:17 CRB15000_5_95 ABB-UAL:01:Log-out (user logged out)|-|Socket=3148|1210|00718|-|robot|	718
<13>Aug 20 15:57:23 CRB15000_5_95 ABB-UAL:01:Log-in successful|-|UAS_UID=166921303|1110|00719|-|robot|Admin	719
<13>Aug 20 15:57:23 CRB15000_5_95 ABB-UAL:01:Log-in successful|-|UAS_UID=1367102500|1110|00720|-|robot|Admin	720
<13>Aug 20 15:57:31 CRB15000_5_95 ABB-UAL:01:Log-out (user logged out)|-|UAS_UID=1367102500|1210|00721|-|robot|	721
<13>Aug 20 15:57:31 CRB15000_5_95 ABB-UAL:01:Log-out (user logged out)|-|UAS_UID=166921303|1210|00722|-|robot|	722
<13>Aug 20 15:57:31 CRB15000_5_95 ABB-UAL:01:Log-out (user logged out)|-|Socket=748|1210|00723|-|robot|	723
<9>Aug 20 16:30:29 CRB15000_5_95 ABB-UAL:01:Log data hash check failed (Log data altered)|-|invalid digest syslog.log|3220|00724|-|robot|syslog	724
<13>Aug 20 16:30:42 CRB15000_5_95 ABB-UAL:01:Log-in successful|-|UAS_UID=1854915414|1110|00725|-|robot|Default User	725
<13>Aug 20 16:30:42 CRB15000_5_95 ABB-UAL:01:Log-in successful|-|UAS_UID=1791187278|1110|00726|-|robot|Default User	726
<13>Aug 20 16:30:42 CRB15000_5_95 ABB-UAL:01:Configuration upload|-|Start restore|1331|00727|-|robot|1854915414	727
<13>Aug 20 16:31:06 CRB15000_5_95 ABB-UAL:01:Log-in successful|-|UAS_UID=1315194021|1110|00728|-|robot|Default User	728
<13>Aug 20 16:31:06 CRB15000_5_95 ABB-UAL:01:Log-in successful|-|UAS_UID=548294568|1110|00729|-|robot|Default User	729
<13>Aug 20 16:31:11 CRB15000_5_95 ABB-UAL:01:Log-out (user logged out)|-|UAS_UID=548294568|1210|00730|-|robot|	730
<13>Aug 20 16:31:11 CRB15000_5_95 ABB-UAL:01:Log-out (user logged out)|-|UAS_UID=1315194021|1210|00731|-|robot|	731
<13>Aug 20 16:31:11 CRB15000_5_95 ABB-UAL:01:Log-out (user logged out)|-|Socket=3148|1210|00732|-|robot|	732
<13>Aug 20 16:31:20 CRB15000_5_95 ABB-UAL:01:Log-in successful|-|UAS_UID=541395436|1110|00733|-|robot|Admin	733
<13>Aug 20 16:31:20 CRB15000_5_95 ABB-UAL:01:Log-in successful|-|UAS_UID=2009209692|1110|00734|-|robot|Admin	734
<13>Aug 20 17:07:11 CRB15000_5_95 ABB-UAL:01:Log-out (user logged out)|-|UAS_UID=2009209692|1210|00735|-|robot|	735
<13>Aug 20 17:07:11 CRB15000_5_95 ABB-UAL:01:Log-out (user logged out)|-|UAS_UID=541395436|1210|00736|-|robot|	736
<13>Aug 20 17:07:11 CRB15000_5_95 ABB-UAL:01:Log-out (user logged out)|-|Socket=748|1210|00737|-|robot|	737
<13>Aug 20 17:31:17 CRB15000_5_95 ABB-UAL:01:Log-in successful|-|UAS_UID=18050028|1110|00738|-|robot|Admin	738
<13>Aug 20 17:31:17 CRB15000_5_95 ABB-UAL:01:Log-in successful|-|UAS_UID=779228299|1110|00739|-|robot|Admin	739
<13>Aug 20 18:37:48 CRB15000_5_95 ABB-UAL:01:Log-out (user logged out)|-|UAS_UID=779228299|1210|00740|-|robot|	740
<13>Aug 20 18:37:48 CRB15000_5_95 ABB-UAL:01:Log-out (user logged out)|-|UAS_UID=18050028|1210|00741|-|robot|	741
<13>Aug 20 18:37:48 CRB15000_5_95 ABB-UAL:01:Log-out (user logged out)|-|Socket=748|1210|00742|-|robot|	742
-----BEGIN DIGEST-----
N+smViY8tLTt1j3CQ15zwGaj3A5jO4/GQz7ZtRiZzVY8To1oXgHfd11U76D2wLOCFX0i7EpJjAtRicSi3/a6DXY7M7Q=
-----END DIGEST-----
