<9>Jul  3 11:01:32 CRB15000_5_95 ABB-UAL:01:Security log file deleted by user|-|syslog.log not found|3420|00001|-|robot|syslog	1
<13>Jul  3 11:01:46 CRB15000_5_95 ABB-UAL:01:Log-in successful|-|UAS_UID=1287589147|1110|00002|-|robot|Default User	2
<13>Jul  3 11:01:47 CRB15000_5_95 ABB-UAL:01:Log-in successful|-|UAS_UID=238007618|1110|00003|-|robot|Default User	3
<13>Jul  3 11:01:47 CRB15000_5_95 ABB-UAL:01:Configuration upload|-|Start restore|1331|00004|-|robot|1287589147	4
<13>Jul  3 11:01:57 CRB15000_5_95 ABB-UAL:01:Log-in successful|-|UAS_UID=1049461266|1110|00005|-|robot|Default User	5
<13>Jul  3 11:01:57 CRB15000_5_95 ABB-UAL:01:Log-in successful|-|UAS_UID=73163104|1110|00006|-|robot|Default User	6
<13>Jul  3 11:02:02 CRB15000_5_95 ABB-UAL:01:Log-out (user logged out)|-|UAS_UID=73163104|1210|00007|-|robot|	7
<13>Jul  3 11:02:02 CRB15000_5_95 ABB-UAL:01:Log-out (user logged out)|-|UAS_UID=1049461266|1210|00008|-|robot|	8
<13>Jul  3 11:02:02 CRB15000_5_95 ABB-UAL:01:Log-out (user logged out)|-|Socket=3140|1210|00009|-|robot|	9
<13>Jul  3 11:02:08 CRB15000_5_95 ABB-UAL:01:Log-in successful|-|UAS_UID=152337791|1110|00010|-|robot|Admin	10
<13>Jul  3 11:02:08 CRB15000_5_95 ABB-UAL:01:Log-in successful|-|UAS_UID=1413647136|1110|00011|-|robot|Admin	11
<13>Jul  3 11:02:22 CRB15000_5_95 ABB-UAL:01:Log-out (user logged out)|-|UAS_UID=1413647136|1210|00012|-|robot|	12
<13>Jul  3 11:02:22 CRB15000_5_95 ABB-UAL:01:Log-out (user logged out)|-|UAS_UID=152337791|1210|00013|-|robot|	13
<13>Jul  3 11:02:22 CRB15000_5_95 ABB-UAL:01:Log-out (user logged out)|-|Socket=748|1210|00014|-|robot|	14
<13>Jul  3 11:02:49 CRB15000_5_95 ABB-UAL:01:Log-in successful|-|UAS_UID=109420881|1110|00015|-|robot|Admin	15
<13>Jul  3 11:02:49 CRB15000_5_95 ABB-UAL:01:Log-in successful|-|UAS_UID=1872256553|1110|00016|-|robot|Admin	16
<13>Jul  3 11:31:33 CRB15000_5_95 ABB-UAL:01:Log-out (user logged out)|-|UAS_UID=1872256553|1210|00017|-|robot|	17
<13>Jul  3 11:31:33 CRB15000_5_95 ABB-UAL:01:Log-out (user logged out)|-|UAS_UID=109420881|1210|00018|-|robot|	18
<13>Jul  3 11:31:33 CRB15000_5_95 ABB-UAL:01:Log-out (user logged out)|-|Socket=748|1210|00019|-|robot|	19
<13>Jul  3 11:32:08 CRB15000_5_95 ABB-UAL:01:Log-in successful|-|UAS_UID=1016687781|1110|00020|-|robot|Admin	20
<13>Jul  3 11:32:08 CRB15000_5_95 ABB-UAL:01:Log-in successful|-|UAS_UID=1210705035|1110|00021|-|robot|Admin	21
<13>Jul  3 11:40:01 CRB15000_5_95 ABB-UAL:01:Log-out (user logged out)|-|UAS_UID=1210705035|1210|00022|-|robot|	22
<13>Jul  3 11:40:01 CRB15000_5_95 ABB-UAL:01:Log-out (user logged out)|-|UAS_UID=1016687781|1210|00023|-|robot|	23
<13>Jul  3 11:40:01 CRB15000_5_95 ABB-UAL:01:Log-out (user logged out)|-|Socket=3124|1210|00024|-|robot|	24
<13>Jul  3 11:40:16 CRB15000_5_95 ABB-UAL:01:Log-in successful|-|UAS_UID=340640079|1110|00025|-|robot|Admin	25
<13>Jul  3 11:40:16 CRB15000_5_95 ABB-UAL:01:Log-in successful|-|UAS_UID=400403382|1110|00026|-|robot|Admin	26
<13>Jul  3 11:40:18 CRB15000_5_95 ABB-UAL:01:Log-in successful|-|UAS_UID=1472476229|1110|00027|-|robot|Default User	27
<13>Jul  3 11:40:18 CRB15000_5_95 ABB-UAL:01:Log-in successful|-|UAS_UID=106783607|1110|00028|-|robot|Default User	28
<13>Jul  3 11:40:23 CRB15000_5_95 ABB-UAL:01:Log-out (user logged out)|-|UAS_UID=340640079|1210|00029|-|robot|	29
<13>Jul  3 11:40:23 CRB15000_5_95 ABB-UAL:01:Log-out (user logged out)|-|UAS_UID=1472476229|1210|00030|-|robot|	30
<13>Jul  3 11:40:23 CRB15000_5_95 ABB-UAL:01:Log-out (user logged out)|-|Socket=748|1210|00031|-|robot|	31
<13>Jul  3 11:40:53 CRB15000_5_95 ABB-UAL:01:Log-in successful|-|UAS_UID=451918673|1110|00032|-|robot|Admin	32
<13>Jul  3 11:40:53 CRB15000_5_95 ABB-UAL:01:Log-in successful|-|UAS_UID=1832507656|1110|00033|-|robot|Admin	33
<13>Jul  3 11:41:33 CRB15000_5_95 ABB-UAL:01:Log-out (user logged out)|-|UAS_UID=1832507656|1210|00034|-|robot|	34
<13>Jul  3 11:41:33 CRB15000_5_95 ABB-UAL:01:Log-out (user logged out)|-|UAS_UID=451918673|1210|00035|-|robot|	35
<13>Jul  3 11:41:33 CRB15000_5_95 ABB-UAL:01:Log-out (user logged out)|-|Socket=560|1210|00036|-|robot|	36
<13>Jul  3 11:41:46 CRB15000_5_95 ABB-UAL:01:Log-in successful|-|UAS_UID=1356724223|1110|00037|-|robot|Admin	37
<13>Jul  3 11:41:46 CRB15000_5_95 ABB-UAL:01:Log-in successful|-|UAS_UID=65234658|1110|00038|-|robot|Admin	38
<13>Jul  3 11:41:58 CRB15000_5_95 ABB-UAL:01:Log-out (user logged out)|-|UAS_UID=65234658|1210|00039|-|robot|	39
<13>Jul  3 11:41:58 CRB15000_5_95 ABB-UAL:01:Log-out (user logged out)|-|UAS_UID=1356724223|1210|00040|-|robot|	40
<13>Jul  3 11:41:58 CRB15000_5_95 ABB-UAL:01:Log-out (user logged out)|-|Socket=560|1210|00041|-|robot|	41
<13>Jul  3 11:43:51 CRB15000_5_95 ABB-UAL:01:Log-in successful|-|UAS_UID=737184611|1110|00042|-|robot|Admin	42
<13>Jul  3 11:43:51 CRB15000_5_95 ABB-UAL:01:Log-in successful|-|UAS_UID=365362704|1110|00043|-|robot|Admin	43
<13>Jul  3 11:46:42 CRB15000_5_95 ABB-UAL:01:Log-out (user logged out)|-|UAS_UID=365362704|1210|00044|-|robot|	44
<13>Jul  3 11:46:42 CRB15000_5_95 ABB-UAL:01:Log-out (user logged out)|-|UAS_UID=737184611|1210|00045|-|robot|	45
<13>Jul  3 11:46:42 CRB15000_5_95 ABB-UAL:01:Log-out (user logged out)|-|Socket=3124|1210|00046|-|robot|	46
<13>Jul  3 11:47:12 CRB15000_5_95 ABB-UAL:01:Log-in successful|-|UAS_UID=969978021|1110|00047|-|robot|Admin	47
<13>Jul  3 11:47:12 CRB15000_5_95 ABB-UAL:01:Log-in successful|-|UAS_UID=1384074015|1110|00048|-|robot|Admin	48
<13>Jul  3 11:47:25 CRB15000_5_95 ABB-UAL:01:Log-in successful|-|UAS_UID=2144810176|1110|00049|-|robot|Default User	49
<13>Jul  3 11:47:25 CRB15000_5_95 ABB-UAL:01:Log-in successful|-|UAS_UID=1915961392|1110|00050|-|robot|Default User	50
<13>Jul  3 11:47:36 CRB15000_5_95 ABB-UAL:01:Log-out (user logged out)|-|UAS_UID=1915961392|1210|00051|-|robot|	51
<13>Jul  3 11:47:36 CRB15000_5_95 ABB-UAL:01:Log-out (user logged out)|-|Socket=748|1210|00052|-|robot|	52
<13>Jul  3 11:53:12 CRB15000_5_95 ABB-UAL:01:Log-out (user logged out)|-|UAS_UID=2144810176|1210|00053|-|robot|	53
<13>Jul  3 12:04:05 CRB15000_5_95 ABB-UAL:01:Log-out (user logged out)|-|UAS_UID=969978021|1210|00054|-|robot|	54
<13>Jul  3 12:04:05 CRB15000_5_95 ABB-UAL:01:Log-out (user logged out)|-|Socket=560|1210|00055|-|robot|	55
<13>Jul  3 12:04:10 CRB15000_5_95 ABB-UAL:01:Log-out (user logged out)|-|UAS_UID=1384074015|1210|00056|-|robot|	56
<13>Jul  3 12:04:18 CRB15000_5_95 ABB-UAL:01:Log-in successful|-|UAS_UID=1433553911|1110|00057|-|robot|Admin	57
<13>Jul  3 12:04:18 CRB15000_5_95 ABB-UAL:01:Log-in successful|-|UAS_UID=2099071400|1110|00058|-|robot|Admin	58
<13>Jul  3 12:05:10 CRB15000_5_95 ABB-UAL:01:Log-in successful|-|UAS_UID=1140655668|1110|00059|-|robot|Default User	59
<13>Jul  3 12:05:11 CRB15000_5_95 ABB-UAL:01:Log-in successful|-|UAS_UID=72865754|1110|00060|-|robot|Default User	60
<13>Jul  3 12:05:11 CRB15000_5_95 ABB-UAL:01:Log-out (user logged out)|-|UAS_UID=1140655668|1210|00061|-|robot|	61
<13>Jul  3 12:05:11 CRB15000_5_95 ABB-UAL:01:Log-out (user logged out)|-|UAS_UID=72865754|1210|00062|-|robot|	62
<13>Jul  3 12:05:11 CRB15000_5_95 ABB-UAL:01:Log-in successful|-|UAS_UID=84759184|1110|00063|-|robot|Default User	63
<13>Jul  3 12:05:11 CRB15000_5_95 ABB-UAL:01:Log-in successful|-|UAS_UID=1617556516|1110|00064|-|robot|Default User	64
<13>Jul  3 12:07:24 CRB15000_5_95 ABB-UAL:01:Log-out (user logged out)|-|UAS_UID=2099071400|1210|00065|-|robot|	65
<13>Jul  3 12:07:24 CRB15000_5_95 ABB-UAL:01:Log-out (user logged out)|-|UAS_UID=1433553911|1210|00066|-|robot|	66
<13>Jul  3 12:07:24 CRB15000_5_95 ABB-UAL:01:Log-out (user logged out)|-|UAS_UID=84759184|1210|00067|-|robot|	67
<13>Jul  3 12:07:24 CRB15000_5_95 ABB-UAL:01:Log-out (user logged out)|-|Socket=560|1210|00068|-|robot|	68
<13>Jul  4 13:45:36 CRB15000_5_95 ABB-UAL:01:Log-in successful|-|UAS_UID=1973925990|1110|00069|-|robot|Admin	69
<13>Jul  4 13:45:36 CRB15000_5_95 ABB-UAL:01:Log-in successful|-|UAS_UID=1024662342|1110|00070|-|robot|Admin	70
<13>Jul  4 13:46:58 CRB15000_5_95 ABB-UAL:01:Log-in successful|-|UAS_UID=1968107070|1110|00071|-|robot|Admin	71
<13>Jul  4 13:46:58 CRB15000_5_95 ABB-UAL:01:Log-in successful|-|UAS_UID=355585199|1110|00072|-|robot|Admin	72
<13>Jul  4 13:47:00 CRB15000_5_95 ABB-UAL:01:Log-out (user logged out)|-|UAS_UID=355585199|1210|00073|-|robot|	73
<13>Jul  4 13:47:00 CRB15000_5_95 ABB-UAL:01:Log-out (user logged out)|-|UAS_UID=1968107070|1210|00074|-|robot|	74
<13>Jul  4 13:47:00 CRB15000_5_95 ABB-UAL:01:Log-out (user logged out)|-|UAS_UID=1973925990|1210|00075|-|robot|	75
<13>Jul  4 13:47:00 CRB15000_5_95 ABB-UAL:01:Log-out (user logged out)|-|Socket=748|1210|00076|-|robot|	76
<13>Jul  4 13:47:19 CRB15000_5_95 ABB-UAL:01:Log-in successful|-|UAS_UID=1316501811|1110|00077|-|robot|Admin	77
<13>Jul  4 13:47:19 CRB15000_5_95 ABB-UAL:01:Log-in successful|-|UAS_UID=129723374|1110|00078|-|robot|Admin	78
<13>Jul  4 13:47:19 CRB15000_5_95 ABB-UAL:01:Log-in successful|-|UAS_UID=2022049717|1110|00079|-|robot|Admin	79
<13>Jul  4 13:47:19 CRB15000_5_95 ABB-UAL:01:Log-in successful|-|UAS_UID=499297794|1110|00080|-|robot|Admin	80
<13>Jul  4 15:24:01 CRB15000_5_95 ABB-UAL:01:Log-out (user logged out)|-|UAS_UID=1316501811|1210|00081|-|robot|	81
<13>Jul  4 15:24:01 CRB15000_5_95 ABB-UAL:01:Log-out (user logged out)|-|UAS_UID=129723374|1210|00082|-|robot|	82
<13>Jul  4 15:24:01 CRB15000_5_95 ABB-UAL:01:Log-out (user logged out)|-|Socket=3372|1210|00083|-|robot|	83
<13>Jul  4 15:24:02 CRB15000_5_95 ABB-UAL:01:Log-out (user logged out)|-|UAS_UID=499297794|1210|00084|-|robot|	84
<13>Jul  4 15:24:02 CRB15000_5_95 ABB-UAL:01:Log-out (user logged out)|-|UAS_UID=2022049717|1210|00085|-|robot|	85
<13>Jul  4 15:24:13 CRB15000_5_95 ABB-UAL:01:Log-in successful|-|UAS_UID=971245257|1110|00086|-|robot|Admin	86
<13>Jul  4 15:24:13 CRB15000_5_95 ABB-UAL:01:Log-in successful|-|UAS_UID=914688500|1110|00087|-|robot|Admin	87
<13>Jul  4 15:24:13 CRB15000_5_95 ABB-UAL:01:Log-in successful|-|UAS_UID=941771896|1110|00088|-|robot|Admin	88
<13>Jul  4 15:24:13 CRB15000_5_95 ABB-UAL:01:Log-in successful|-|UAS_UID=1170897808|1110|00089|-|robot|Admin	89
<13>Jul  4 15:24:45 CRB15000_5_95 ABB-UAL:01:Log-out (user logged out)|-|UAS_UID=1170897808|1210|00090|-|robot|	90
<13>Jul  4 15:24:45 CRB15000_5_95 ABB-UAL:01:Log-out (user logged out)|-|UAS_UID=971245257|1210|00091|-|robot|	91
<13>Jul  4 15:24:45 CRB15000_5_95 ABB-UAL:01:Log-out (user logged out)|-|UAS_UID=914688500|1210|00092|-|robot|	92
<13>Jul  4 15:24:45 CRB15000_5_95 ABB-UAL:01:Log-out (user logged out)|-|Socket=2820|1210|00093|-|robot|	93
<13>Jul  4 15:25:50 CRB15000_5_95 ABB-UAL:01:Log-in successful|-|UAS_UID=1133909145|1110|00094|-|robot|Admin	94
<13>Jul  4 15:25:50 CRB15000_5_95 ABB-UAL:01:Log-in successful|-|UAS_UID=2070378918|1110|00095|-|robot|Admin	95
<13>Jul  4 15:54:26 CRB15000_5_95 ABB-UAL:01:Log-out (user logged out)|-|UAS_UID=1133909145|1210|00096|-|robot|	96
<13>Jul  4 15:54:26 CRB15000_5_95 ABB-UAL:01:Log-out (user logged out)|-|Socket=560|1210|00097|-|robot|	97
<13>Jul  4 15:54:38 CRB15000_5_95 ABB-UAL:01:Log-in successful|-|UAS_UID=1669592523|1110|00098|-|robot|Admin	98
<13>Jul  4 15:54:38 CRB15000_5_95 ABB-UAL:01:Log-out (user logged out)|-|UAS_UID=2070378918|1210|00099|-|robot|	99
<13>Jul  4 15:54:38 CRB15000_5_95 ABB-UAL:01:Log-in successful|-|UAS_UID=1308360134|1110|00100|-|robot|Admin	100
<13>Jul  4 16:39:06 CRB15000_5_95 ABB-UAL:01:Log-out (user logged out)|-|UAS_UID=1669592523|1210|00101|-|robot|	101
<13>Jul  4 16:39:06 CRB15000_5_95 ABB-UAL:01:Log-out (user logged out)|-|Socket=560|1210|00102|-|robot|	102
<13>Jul  4 16:39:07 CRB15000_5_95 ABB-UAL:01:Log-out (user logged out)|-|UAS_UID=1308360134|1210|00103|-|robot|	103
<13>Jul  4 16:39:19 CRB15000_5_95 ABB-UAL:01:Log-in successful|-|UAS_UID=1863582923|1110|00104|-|robot|Admin	104
<13>Jul  4 16:39:19 CRB15000_5_95 ABB-UAL:01:Log-in successful|-|UAS_UID=325691433|1110|00105|-|robot|Admin	105
<13>Jul  4 17:25:21 CRB15000_5_95 ABB-UAL:01:Log-out (user logged out)|-|UAS_UID=1863582923|1210|00106|-|robot|	106
<13>Jul  4 17:25:21 CRB15000_5_95 ABB-UAL:01:Log-out (user logged out)|-|Socket=3448|1210|00107|-|robot|	107
<13>Jul  4 17:25:33 CRB15000_5_95 ABB-UAL:01:Log-in successful|-|UAS_UID=278481769|1110|00108|-|robot|Admin	108
<13>Jul  4 17:25:33 CRB15000_5_95 ABB-UAL:01:Log-out (user logged out)|-|UAS_UID=325691433|1210|00109|-|robot|	109
<13>Jul  4 17:25:33 CRB15000_5_95 ABB-UAL:01:Log-in successful|-|UAS_UID=140609201|1110|00110|-|robot|Admin	110
<13>Jul  4 17:41:32 CRB15000_5_95 ABB-UAL:01:Log-in successful|-|UAS_UID=1303095601|1110|00111|-|robot|Default User	111
<13>Jul  4 17:41:32 CRB15000_5_95 ABB-UAL:01:Log-in successful|-|UAS_UID=1650290900|1110|00112|-|robot|Default User	112
<13>Jul  4 17:43:21 CRB15000_5_95 ABB-UAL:01:Log-out (user logged out)|-|UAS_UID=1650290900|1210|00113|-|robot|	113
<13>Jul  4 17:43:21 CRB15000_5_95 ABB-UAL:01:Log-out (user logged out)|-|Socket=3468|1210|00114|-|robot|	114
<13>Jul  4 17:44:30 CRB15000_5_95 ABB-UAL:01:Log-out (user logged out)|-|UAS_UID=1303095601|1210|00115|-|robot|	115
<13>Jul  4 17:44:39 CRB15000_5_95 ABB-UAL:01:Log-in successful|-|UAS_UID=326688044|1110|00116|-|robot|Default User	116
<13>Jul  4 17:44:40 CRB15000_5_95 ABB-UAL:01:Log-in successful|-|UAS_UID=1222118102|1110|00117|-|robot|Default User	117
<13>Jul  4 17:49:38 CRB15000_5_95 ABB-UAL:01:Log-out (user logged out)|-|UAS_UID=1222118102|1210|00118|-|robot|	118
<13>Jul  4 17:49:38 CRB15000_5_95 ABB-UAL:01:Log-out (user logged out)|-|Socket=912|1210|00119|-|robot|	119
<13>Jul  4 17:49:39 CRB15000_5_95 ABB-UAL:01:Log-out (user logged out)|-|UAS_UID=140609201|1210|00120|-|robot|	120
<13>Jul  4 17:49:39 CRB15000_5_95 ABB-UAL:01:Log-out (user logged out)|-|UAS_UID=278481769|1210|00121|-|robot|	121
<13>Jul  4 17:49:39 CRB15000_5_95 ABB-UAL:01:Log-out (user logged out)|-|Socket=3448|1210|00122|-|robot|	122
<13>Jul  4 17:49:55 CRB15000_5_95 ABB-UAL:01:Log-in successful|-|UAS_UID=380165619|1110|00123|-|robot|Admin	123
<13>Jul  4 17:49:55 CRB15000_5_95 ABB-UAL:01:Log-in successful|-|UAS_UID=837138715|1110|00124|-|robot|Admin	124
<13>Jul  4 18:17:28 CRB15000_5_95 ABB-UAL:01:Log-out (user logged out)|-|UAS_UID=380165619|1210|00125|-|robot|	125
<13>Jul  4 18:17:28 CRB15000_5_95 ABB-UAL:01:Log-out (user logged out)|-|Socket=748|1210|00126|-|robot|	126
<13>Jul  4 18:17:31 CRB15000_5_95 ABB-UAL:01:Log-out (user logged out)|-|UAS_UID=837138715|1210|00127|-|robot|	127
<13>Jul  4 18:17:40 CRB15000_5_95 ABB-UAL:01:Log-in successful|-|UAS_UID=1849377995|1110|00128|-|robot|Admin	128
<13>Jul  4 18:17:40 CRB15000_5_95 ABB-UAL:01:Log-in successful|-|UAS_UID=1757141443|1110|00129|-|robot|Admin	129
<13>Jul  4 19:01:13 CRB15000_5_95 ABB-UAL:01:Log-out (user logged out)|-|UAS_UID=1849377995|1210|00130|-|robot|	130
<13>Jul  4 19:01:13 CRB15000_5_95 ABB-UAL:01:Log-out (user logged out)|-|Socket=748|1210|00131|-|robot|	131
<13>Jul  4 19:01:19 CRB15000_5_95 ABB-UAL:01:Log-out (user logged out)|-|UAS_UID=1757141443|1210|00132|-|robot|	132
<13>Jul  4 19:01:25 CRB15000_5_95 ABB-UAL:01:Log-in successful|-|UAS_UID=773290458|1110|00133|-|robot|Admin	133
<13>Jul  4 19:01:25 CRB15000_5_95 ABB-UAL:01:Log-in successful|-|UAS_UID=1960739115|1110|00134|-|robot|Admin	134
<13>Jul  4 19:27:12 CRB15000_5_95 ABB-UAL:01:Log-out (user logged out)|-|UAS_UID=773290458|1210|00135|-|robot|	135
<13>Jul  4 19:27:12 CRB15000_5_95 ABB-UAL:01:Log-out (user logged out)|-|Socket=748|1210|00136|-|robot|	136
<13>Jul  4 19:27:17 CRB15000_5_95 ABB-UAL:01:Log-out (user logged out)|-|UAS_UID=1960739115|1210|00137|-|robot|	137
<13>Jul  4 19:27:25 CRB15000_5_95 ABB-UAL:01:Log-in successful|-|UAS_UID=2060850955|1110|00138|-|robot|Admin	138
<13>Jul  4 19:27:25 CRB15000_5_95 ABB-UAL:01:Log-in successful|-|UAS_UID=1795803055|1110|00139|-|robot|Admin	139
<13>Jul  4 20:27:33 CRB15000_5_95 ABB-UAL:01:Log-out (user logged out)|-|UAS_UID=2060850955|1210|00140|-|robot|	140
<13>Jul  4 20:27:33 CRB15000_5_95 ABB-UAL:01:Log-out (user logged out)|-|Socket=748|1210|00141|-|robot|	141
<13>Jul  4 20:27:34 CRB15000_5_95 ABB-UAL:01:Log-out (user logged out)|-|UAS_UID=1795803055|1210|00142|-|robot|	142
<13>Jul  4 20:27:46 CRB15000_5_95 ABB-UAL:01:Log-in successful|-|UAS_UID=879145385|1110|00143|-|robot|Admin	143
<13>Jul  4 20:27:46 CRB15000_5_95 ABB-UAL:01:Log-in successful|-|UAS_UID=1282999880|1110|00144|-|robot|Admin	144
<13>Jul  4 20:27:53 CRB15000_5_95 ABB-UAL:01:Log-out (user logged out)|-|UAS_UID=1282999880|1210|00145|-|robot|	145
<13>Jul  4 20:27:53 CRB15000_5_95 ABB-UAL:01:Log-out (user logged out)|-|UAS_UID=879145385|1210|00146|-|robot|	146
<13>Jul  4 20:27:53 CRB15000_5_95 ABB-UAL:01:Log-out (user logged out)|-|Socket=748|1210|00147|-|robot|	147
<13>Jul  5 10:02:09 CRB15000_5_95 ABB-UAL:01:Log-in successful|-|UAS_UID=1514683141|1110|00148|-|robot|Admin	148
<13>Jul  5 10:02:09 CRB15000_5_95 ABB-UAL:01:Log-in successful|-|UAS_UID=1527201156|1110|00149|-|robot|Admin	149
<13>Jul  5 10:23:37 CRB15000_5_95 ABB-UAL:01:Log-out (user logged out)|-|UAS_UID=1514683141|1210|00150|-|robot|	150
<13>Jul  5 10:23:37 CRB15000_5_95 ABB-UAL:01:Log-out (user logged out)|-|Socket=748|1210|00151|-|robot|	151
<13>Jul  5 10:23:41 CRB15000_5_95 ABB-UAL:01:Log-out (user logged out)|-|UAS_UID=1527201156|1210|00152|-|robot|	152
<13>Jul  5 10:23:49 CRB15000_5_95 ABB-UAL:01:Log-in successful|-|UAS_UID=1412109873|1110|00153|-|robot|Admin	153
<13>Jul  5 10:23:49 CRB15000_5_95 ABB-UAL:01:Log-in successful|-|UAS_UID=1319651067|1110|00154|-|robot|Admin	154
<13>Jul  5 10:41:22 CRB15000_5_95 ABB-UAL:01:Log-out (user logged out)|-|UAS_UID=1412109873|1210|00155|-|robot|	155
<13>Jul  5 10:41:22 CRB15000_5_95 ABB-UAL:01:Log-out (user logged out)|-|Socket=748|1210|00156|-|robot|	156
<13>Jul  5 10:41:23 CRB15000_5_95 ABB-UAL:01:Log-out (user logged out)|-|UAS_UID=1319651067|1210|00157|-|robot|	157
<13>Jul  5 10:41:34 CRB15000_5_95 ABB-UAL:01:Log-in successful|-|UAS_UID=1780384409|1110|00158|-|robot|Admin	158
<13>Jul  5 10:41:34 CRB15000_5_95 ABB-UAL:01:Log-in successful|-|UAS_UID=948522459|1110|00159|-|robot|Admin	159
<13>Jul  5 11:16:42 CRB15000_5_95 ABB-UAL:01:Log-out (user logged out)|-|UAS_UID=1780384409|1210|00160|-|robot|	160
<13>Jul  5 11:16:42 CRB15000_5_95 ABB-UAL:01:Log-out (user logged out)|-|Socket=896|1210|00161|-|robot|	161
<13>Jul  5 11:16:55 CRB15000_5_95 ABB-UAL:01:Log-in successful|-|UAS_UID=1679960478|1110|00162|-|robot|Admin	162
<13>Jul  5 11:16:55 CRB15000_5_95 ABB-UAL:01:Log-out (user logged out)|-|UAS_UID=948522459|1210|00163|-|robot|	163
<13>Jul  5 11:16:55 CRB15000_5_95 ABB-UAL:01:Log-in successful|-|UAS_UID=504482598|1110|00164|-|robot|Admin	164
<13>Jul  5 12:12:16 CRB15000_5_95 ABB-UAL:01:Log-out (user logged out)|-|UAS_UID=1679960478|1210|00165|-|robot|	165
<13>Jul  5 12:12:16 CRB15000_5_95 ABB-UAL:01:Log-out (user logged out)|-|Socket=896|1210|00166|-|robot|	166
<13>Jul  5 12:12:17 CRB15000_5_95 ABB-UAL:01:Log-out (user logged out)|-|UAS_UID=504482598|1210|00167|-|robot|	167
<13>Jul  5 12:12:28 CRB15000_5_95 ABB-UAL:01:Log-in successful|-|UAS_UID=2080882480|1110|00168|-|robot|Admin	168
<13>Jul  5 12:12:28 CRB15000_5_95 ABB-UAL:01:Log-in successful|-|UAS_UID=846373071|1110|00169|-|robot|Admin	169
<13>Jul  5 13:38:16 CRB15000_5_95 ABB-UAL:01:Log-out (user logged out)|-|UAS_UID=2080882480|1210|00170|-|robot|	170
<13>Jul  5 13:38:16 CRB15000_5_95 ABB-UAL:01:Log-out (user logged out)|-|Socket=896|1210|00171|-|robot|	171
<13>Jul  5 13:38:17 CRB15000_5_95 ABB-UAL:01:Log-out (user logged out)|-|UAS_UID=846373071|1210|00172|-|robot|	172
<13>Jul  5 13:38:28 CRB15000_5_95 ABB-UAL:01:Log-in successful|-|UAS_UID=2020176244|1110|00173|-|robot|Admin	173
<13>Jul  5 13:38:28 CRB15000_5_95 ABB-UAL:01:Log-in successful|-|UAS_UID=1085159658|1110|00174|-|robot|Admin	174
<13>Jul  5 13:50:56 CRB15000_5_95 ABB-UAL:01:Log-out (user logged out)|-|UAS_UID=2020176244|1210|00175|-|robot|	175
<13>Jul  5 13:50:56 CRB15000_5_95 ABB-UAL:01:Log-out (user logged out)|-|Socket=896|1210|00176|-|robot|	176
<13>Jul  5 13:51:08 CRB15000_5_95 ABB-UAL:01:Log-in successful|-|UAS_UID=1066982821|1110|00177|-|robot|Admin	177
<13>Jul  5 13:51:08 CRB15000_5_95 ABB-UAL:01:Log-in successful|-|UAS_UID=27640297|1110|00178|-|robot|Admin	178
<13>Jul  5 13:54:57 CRB15000_5_95 ABB-UAL:01:Log-out (user logged out)|-|UAS_UID=1085159658|1210|00179|-|robot|	179
<13>Jul  5 14:01:54 CRB15000_5_95 ABB-UAL:01:Log-out (user logged out)|-|UAS_UID=1066982821|1210|00180|-|robot|	180
<13>Jul  5 14:01:54 CRB15000_5_95 ABB-UAL:01:Log-out (user logged out)|-|Socket=896|1210|00181|-|robot|	181
<13>Jul  5 14:02:06 CRB15000_5_95 ABB-UAL:01:Log-in successful|-|UAS_UID=1928322383|1110|00182|-|robot|Admin	182
<13>Jul  5 14:02:06 CRB15000_5_95 ABB-UAL:01:Log-in successful|-|UAS_UID=2089755762|1110|00183|-|robot|Admin	183
<13>Jul  5 14:04:58 CRB15000_5_95 ABB-UAL:01:Log-out (user logged out)|-|UAS_UID=27640297|1210|00184|-|robot|	184
<13>Jul  5 14:20:36 CRB15000_5_95 ABB-UAL:01:Log-in successful|-|UAS_UID=2119803998|1110|00185|-|robot|Default User	185
<13>Jul  5 14:20:36 CRB15000_5_95 ABB-UAL:01:Log-in successful|-|UAS_UID=1863916074|1110|00186|-|robot|Default User	186
<13>Jul  5 14:30:00 CRB15000_5_95 ABB-UAL:01:Log-out (user logged out)|-|UAS_UID=1863916074|1210|00187|-|robot|	187
<13>Jul  5 14:30:00 CRB15000_5_95 ABB-UAL:01:Log-out (user logged out)|-|Socket=3508|1210|00188|-|robot|	188
<13>Jul  5 14:33:15 CRB15000_5_95 ABB-UAL:01:Log-out (user logged out)|-|UAS_UID=1928322383|1210|00189|-|robot|	189
<13>Jul  5 14:33:15 CRB15000_5_95 ABB-UAL:01:Log-out (user logged out)|-|Socket=896|1210|00190|-|robot|	190
<13>Jul  5 14:33:16 CRB15000_5_95 ABB-UAL:01:Log-out (user logged out)|-|UAS_UID=2089755762|1210|00191|-|robot|	191
<13>Jul  5 14:33:27 CRB15000_5_95 ABB-UAL:01:Log-in successful|-|UAS_UID=362346283|1110|00192|-|robot|Admin	192
<13>Jul  5 14:33:27 CRB15000_5_95 ABB-UAL:01:Log-in successful|-|UAS_UID=142143122|1110|00193|-|robot|Admin	193
<13>Jul  5 14:33:30 CRB15000_5_95 ABB-UAL:01:Log-in successful|-|UAS_UID=1344573816|1110|00194|-|robot|Default User	194
<13>Jul  5 14:33:30 CRB15000_5_95 ABB-UAL:01:Log-in successful|-|UAS_UID=1145184094|1110|00195|-|robot|Default User	195
<13>Jul  5 14:33:32 CRB15000_5_95 ABB-UAL:01:Log-out (user logged out)|-|UAS_UID=1145184094|1210|00196|-|robot|	196
<13>Jul  5 14:33:32 CRB15000_5_95 ABB-UAL:01:Log-out (user logged out)|-|Socket=3512|1210|00197|-|robot|	197
<13>Jul  5 14:35:16 CRB15000_5_95 ABB-UAL:01:Log-out (user logged out)|-|UAS_UID=2119803998|1210|00198|-|robot|	198
<13>Jul  5 14:43:56 CRB15000_5_95 ABB-UAL:01:Log-out (user logged out)|-|UAS_UID=362346283|1210|00199|-|robot|	199
<13>Jul  5 14:43:56 CRB15000_5_95 ABB-UAL:01:Log-out (user logged out)|-|Socket=3504|1210|00200|-|robot|	200
<13>Jul  5 14:44:05 CRB15000_5_95 ABB-UAL:01:Log-out (user logged out)|-|UAS_UID=142143122|1210|00201|-|robot|	201
<13>Jul  5 14:44:05 CRB15000_5_95 ABB-UAL:01:Log-out (user logged out)|-|UAS_UID=1344573816|1210|00202|-|robot|	202
<13>Jul  5 14:44:08 CRB15000_5_95 ABB-UAL:01:Log-in successful|-|UAS_UID=1826938963|1110|00203|-|robot|Admin	203
<13>Jul  5 14:44:08 CRB15000_5_95 ABB-UAL:01:Log-in successful|-|UAS_UID=1355783112|1110|00204|-|robot|Admin	204
<13>Jul  5 14:58:07 CRB15000_5_95 ABB-UAL:01:Log-out (user logged out)|-|UAS_UID=1826938963|1210|00205|-|robot|	205
<13>Jul  5 14:58:07 CRB15000_5_95 ABB-UAL:01:Log-out (user logged out)|-|Socket=3504|1210|00206|-|robot|	206
<13>Jul  5 14:58:09 CRB15000_5_95 ABB-UAL:01:Log-out (user logged out)|-|UAS_UID=1355783112|1210|00207|-|robot|	207
<13>Jul  5 14:58:20 CRB15000_5_95 ABB-UAL:01:Log-in successful|-|UAS_UID=1169192669|1110|00208|-|robot|Admin	208
<13>Jul  5 14:58:20 CRB15000_5_95 ABB-UAL:01:Log-in successful|-|UAS_UID=684895921|1110|00209|-|robot|Admin	209
<13>Jul  5 15:53:58 CRB15000_5_95 ABB-UAL:01:Log-out (user logged out)|-|UAS_UID=1169192669|1210|00210|-|robot|	210
<13>Jul  5 15:53:58 CRB15000_5_95 ABB-UAL:01:Log-out (user logged out)|-|Socket=3504|1210|00211|-|robot|	211
<13>Jul  5 15:54:01 CRB15000_5_95 ABB-UAL:01:Log-out (user logged out)|-|UAS_UID=684895921|1210|00212|-|robot|	212
<13>Jul  5 15:54:11 CRB15000_5_95 ABB-UAL:01:Log-in successful|-|UAS_UID=1486307621|1110|00213|-|robot|Admin	213
<13>Jul  5 15:54:11 CRB15000_5_95 ABB-UAL:01:Log-in successful|-|UAS_UID=1018318420|1110|00214|-|robot|Admin	214
<13>Jul  5 16:48:19 CRB15000_5_95 ABB-UAL:01:Log-out (user logged out)|-|UAS_UID=1486307621|1210|00215|-|robot|	215
<13>Jul  5 16:48:19 CRB15000_5_95 ABB-UAL:01:Log-out (user logged out)|-|Socket=3504|1210|00216|-|robot|	216
<13>Jul  5 16:48:20 CRB15000_5_95 ABB-UAL:01:Log-out (user logged out)|-|UAS_UID=1018318420|1210|00217|-|robot|	217
<13>Jul  5 16:48:31 CRB15000_5_95 ABB-UAL:01:Log-in successful|-|UAS_UID=1390030236|1110|00218|-|robot|Admin	218
<13>Jul  5 16:48:31 CRB15000_5_95 ABB-UAL:01:Log-in successful|-|UAS_UID=1608874163|1110|00219|-|robot|Admin	219
<13>Jul  5 17:01:58 CRB15000_5_95 ABB-UAL:01:Log-out (user logged out)|-|UAS_UID=1390030236|1210|00220|-|robot|	220
<13>Jul  5 17:01:58 CRB15000_5_95 ABB-UAL:01:Log-out (user logged out)|-|Socket=3504|1210|00221|-|robot|	221
<13>Jul  5 17:01:59 CRB15000_5_95 ABB-UAL:01:Log-out (user logged out)|-|UAS_UID=1608874163|1210|00222|-|robot|	222
<13>Jul  5 17:02:10 CRB15000_5_95 ABB-UAL:01:Log-in successful|-|UAS_UID=1246700047|1110|00223|-|robot|Admin	223
<13>Jul  5 17:02:10 CRB15000_5_95 ABB-UAL:01:Log-in successful|-|UAS_UID=1645443126|1110|00224|-|robot|Admin	224
<13>Jul  5 17:22:38 CRB15000_5_95 ABB-UAL:01:Log-out (user logged out)|-|UAS_UID=1246700047|1210|00225|-|robot|	225
<13>Jul  5 17:22:38 CRB15000_5_95 ABB-UAL:01:Log-out (user logged out)|-|Socket=3504|1210|00226|-|robot|	226
<13>Jul  5 17:22:51 CRB15000_5_95 ABB-UAL:01:Log-in successful|-|UAS_UID=15666020|1110|00227|-|robot|Admin	227
<13>Jul  5 17:22:51 CRB15000_5_95 ABB-UAL:01:Log-in successful|-|UAS_UID=1476745513|1110|00228|-|robot|Admin	228
<13>Jul  5 17:24:44 CRB15000_5_95 ABB-UAL:01:Log-out (user logged out)|-|UAS_UID=1645443126|1210|00229|-|robot|	229
<13>Jul  5 18:46:02 CRB15000_5_95 ABB-UAL:01:Log-out (user logged out)|-|UAS_UID=15666020|1210|00230|-|robot|	230
<13>Jul  5 18:46:02 CRB15000_5_95 ABB-UAL:01:Log-out (user logged out)|-|Socket=3504|1210|00231|-|robot|	231
<13>Jul  5 18:46:07 CRB15000_5_95 ABB-UAL:01:Log-out (user logged out)|-|UAS_UID=1476745513|1210|00232|-|robot|	232
<13>Jul  5 18:46:18 CRB15000_5_95 ABB-UAL:01:Log-in successful|-|UAS_UID=669055153|1110|00233|-|robot|Admin	233
<13>Jul  5 18:46:23 CRB15000_5_95 ABB-UAL:01:Log-in successful|-|UAS_UID=2000236046|1110|00234|-|robot|Admin	234
<13>Jul  5 20:13:58 CRB15000_5_95 ABB-UAL:01:Log-out (user logged out)|-|UAS_UID=669055153|1210|00235|-|robot|	235
<13>Jul  5 20:13:58 CRB15000_5_95 ABB-UAL:01:Log-out (user logged out)|-|Socket=2996|1210|00236|-|robot|	236
<13>Jul  5 20:13:59 CRB15000_5_95 ABB-UAL:01:Log-out (user logged out)|-|UAS_UID=2000236046|1210|00237|-|robot|	237
<13>Jul  5 20:14:10 CRB15000_5_95 ABB-UAL:01:Log-in successful|-|UAS_UID=1438801596|1110|00238|-|robot|Admin	238
<13>Jul  5 20:14:10 CRB15000_5_95 ABB-UAL:01:Log-in successful|-|UAS_UID=672656295|1110|00239|-|robot|Admin	239
<13>Jul  5 20:20:56 CRB15000_5_95 ABB-UAL:01:Log-out (user logged out)|-|UAS_UID=672656295|1210|00240|-|robot|	240
<13>Jul  5 20:20:56 CRB15000_5_95 ABB-UAL:01:Log-out (user logged out)|-|UAS_UID=1438801596|1210|00241|-|robot|	241
<13>Jul  5 20:20:56 CRB15000_5_95 ABB-UAL:01:Log-out (user logged out)|-|Socket=2996|1210|00242|-|robot|	242
<13>Jul  8 09:10:51 CRB15000_5_95 ABB-UAL:01:Log-in successful|-|UAS_UID=820309642|1110|00243|-|robot|Admin	243
<13>Jul  8 09:10:51 CRB15000_5_95 ABB-UAL:01:Log-in successful|-|UAS_UID=1696626268|1110|00244|-|robot|Admin	244
<13>Jul  8 09:38:39 CRB15000_5_95 ABB-UAL:01:Log-out (user logged out)|-|UAS_UID=820309642|1210|00245|-|robot|	245
<13>Jul  8 09:38:39 CRB15000_5_95 ABB-UAL:01:Log-out (user logged out)|-|Socket=3124|1210|00246|-|robot|	246
<13>Jul  8 09:38:40 CRB15000_5_95 ABB-UAL:01:Log-out (user logged out)|-|UAS_UID=1696626268|1210|00247|-|robot|	247
<13>Jul  8 09:38:52 CRB15000_5_95 ABB-UAL:01:Log-in successful|-|UAS_UID=313066420|1110|00248|-|robot|Admin	248
<13>Jul  8 09:38:52 CRB15000_5_95 ABB-UAL:01:Log-in successful|-|UAS_UID=1045907085|1110|00249|-|robot|Admin	249
<13>Jul  8 10:33:29 CRB15000_5_95 ABB-UAL:01:Log-out (user logged out)|-|UAS_UID=313066420|1210|00250|-|robot|	250
<13>Jul  8 10:33:29 CRB15000_5_95 ABB-UAL:01:Log-out (user logged out)|-|Socket=908|1210|00251|-|robot|	251
<13>Jul  8 10:33:41 CRB15000_5_95 ABB-UAL:01:Log-in successful|-|UAS_UID=328500141|1110|00252|-|robot|Admin	252
<13>Jul  8 10:33:41 CRB15000_5_95 ABB-UAL:01:Log-out (user logged out)|-|UAS_UID=1045907085|1210|00253|-|robot|	253
<13>Jul  8 10:33:41 CRB15000_5_95 ABB-UAL:01:Log-in successful|-|UAS_UID=1126267844|1110|00254|-|robot|Admin	254
<13>Jul  8 12:13:40 CRB15000_5_95 ABB-UAL:01:Log-out (user logged out)|-|UAS_UID=328500141|1210|00255|-|robot|	255
<13>Jul  8 12:13:40 CRB15000_5_95 ABB-UAL:01:Log-out (user logged out)|-|Socket=908|1210|00256|-|robot|	256
<13>Jul  8 12:13:53 CRB15000_5_95 ABB-UAL:01:Log-in successful|-|UAS_UID=445102315|1110|00257|-|robot|Admin	257
<13>Jul  8 12:13:53 CRB15000_5_95 ABB-UAL:01:Log-out (user logged out)|-|UAS_UID=1126267844|1210|00258|-|robot|	258
<13>Jul  8 12:13:53 CRB15000_5_95 ABB-UAL:01:Log-in successful|-|UAS_UID=1240759662|1110|00259|-|robot|Admin	259
<13>Jul  8 12:26:35 CRB15000_5_95 ABB-UAL:01:Log-out (user logged out)|-|UAS_UID=1240759662|1210|00260|-|robot|	260
<13>Jul  8 12:26:35 CRB15000_5_95 ABB-UAL:01:Log-out (user logged out)|-|UAS_UID=445102315|1210|00261|-|robot|	261
<13>Jul  8 12:26:35 CRB15000_5_95 ABB-UAL:01:Log-out (user logged out)|-|Socket=908|1210|00262|-|robot|	262
<13>Jul  8 17:18:05 CRB15000_5_95 ABB-UAL:01:Log-in successful|-|UAS_UID=6122736|1110|00263|-|robot|Admin	263
<13>Jul  8 17:18:05 CRB15000_5_95 ABB-UAL:01:Log-in successful|-|UAS_UID=1874690840|1110|00264|-|robot|Admin	264
<13>Jul  8 17:41:05 CRB15000_5_95 ABB-UAL:01:Log-out (user logged out)|-|UAS_UID=1874690840|1210|00265|-|robot|	265
<13>Jul  8 17:41:05 CRB15000_5_95 ABB-UAL:01:Log-out (user logged out)|-|UAS_UID=6122736|1210|00266|-|robot|	266
<13>Jul  8 17:41:05 CRB15000_5_95 ABB-UAL:01:Log-out (user logged out)|-|Socket=3124|1210|00267|-|robot|	267
<13>Jul 24 14:56:31 CRB15000_5_95 ABB-UAL:01:Log-in successful|-|UAS_UID=42379087|1110|00268|-|robot|Admin	268
<13>Jul 24 14:56:31 CRB15000_5_95 ABB-UAL:01:Log-in successful|-|UAS_UID=1990400077|1110|00269|-|robot|Admin	269
<13>Jul 24 15:24:06 CRB15000_5_95 ABB-UAL:01:Log-out (user logged out)|-|UAS_UID=1990400077|1210|00270|-|robot|	270
<13>Jul 24 15:24:06 CRB15000_5_95 ABB-UAL:01:Log-out (user logged out)|-|UAS_UID=42379087|1210|00271|-|robot|	271
<13>Jul 24 15:24:06 CRB15000_5_95 ABB-UAL:01:Log-out (user logged out)|-|Socket=3124|1210|00272|-|robot|	272
<13>Jul 25 09:34:04 CRB15000_5_95 ABB-UAL:01:Log-in successful|-|UAS_UID=1498859185|1110|00273|-|robot|Admin	273
<13>Jul 25 09:34:04 CRB15000_5_95 ABB-UAL:01:Log-in successful|-|UAS_UID=1265650937|1110|00274|-|robot|Admin	274
<13>Jul 25 09:34:40 CRB15000_5_95 ABB-UAL:01:Log-in successful|-|UAS_UID=1235547244|1110|00275|-|robot|Default User	275
<13>Jul 25 09:34:40 CRB15000_5_95 ABB-UAL:01:Log-in successful|-|UAS_UID=1598045287|1110|00276|-|robot|Default User	276
<13>Jul 25 09:34:40 CRB15000_5_95 ABB-UAL:01:Log-out (user logged out)|-|UAS_UID=1235547244|1210|00277|-|robot|	277
<13>Jul 25 09:34:40 CRB15000_5_95 ABB-UAL:01:Log-out (user logged out)|-|UAS_UID=1598045287|1210|00278|-|robot|	278
<13>Jul 25 09:34:40 CRB15000_5_95 ABB-UAL:01:Log-in successful|-|UAS_UID=135213066|1110|00279|-|robot|Default User	279
<13>Jul 25 09:34:40 CRB15000_5_95 ABB-UAL:01:Log-in successful|-|UAS_UID=1073250286|1110|00280|-|robot|Default User	280
<13>Jul 25 09:38:02 CRB15000_5_95 ABB-UAL:01:Log-out (user logged out)|-|UAS_UID=135213066|1210|00281|-|robot|	281
<13>Jul 25 09:38:02 CRB15000_5_95 ABB-UAL:01:Log-out (user logged out)|-|UAS_UID=1073250286|1210|00282|-|robot|	282
<13>Jul 25 09:38:02 CRB15000_5_95 ABB-UAL:01:Log-in successful|-|UAS_UID=1374148535|1110|00283|-|robot|Default User	283
<13>Jul 25 09:38:02 CRB15000_5_95 ABB-UAL:01:Log-in successful|-|UAS_UID=1375648109|1110|00284|-|robot|Default User	284
<13>Jul 25 09:42:18 CRB15000_5_95 ABB-UAL:01:Log-out (user logged out)|-|UAS_UID=1374148535|1210|00285|-|robot|	285
<13>Jul 25 09:42:18 CRB15000_5_95 ABB-UAL:01:Log-out (user logged out)|-|UAS_UID=1375648109|1210|00286|-|robot|	286
<13>Jul 25 09:42:18 CRB15000_5_95 ABB-UAL:01:Log-in successful|-|UAS_UID=757805131|1110|00287|-|robot|Default User	287
<13>Jul 25 09:42:18 CRB15000_5_95 ABB-UAL:01:Log-in successful|-|UAS_UID=282889710|1110|00288|-|robot|Default User	288
<13>Jul 25 09:48:04 CRB15000_5_95 ABB-UAL:01:Log-out (user logged out)|-|UAS_UID=282889710|1210|00289|-|robot|	289
<13>Jul 25 10:04:55 CRB15000_5_95 ABB-UAL:01:Log-out (user logged out)|-|UAS_UID=1498859185|1210|00290|-|robot|	290
<13>Jul 25 10:04:55 CRB15000_5_95 ABB-UAL:01:Log-out (user logged out)|-|UAS_UID=757805131|1210|00291|-|robot|	291
<13>Jul 25 10:04:55 CRB15000_5_95 ABB-UAL:01:Log-out (user logged out)|-|Socket=560|1210|00292|-|robot|	292
<13>Jul 25 10:05:07 CRB15000_5_95 ABB-UAL:01:Log-in successful|-|UAS_UID=1991657084|1110|00293|-|robot|Admin	293
<13>Jul 25 10:05:07 CRB15000_5_95 ABB-UAL:01:Log-out (user logged out)|-|UAS_UID=1265650937|1210|00294|-|robot|	294
<13>Jul 25 10:05:07 CRB15000_5_95 ABB-UAL:01:Log-in successful|-|UAS_UID=1929029063|1110|00295|-|robot|Admin	295
<13>Jul 25 11:24:40 CRB15000_5_95 ABB-UAL:01:Log-out (user logged out)|-|UAS_UID=1929029063|1210|00296|-|robot|	296
<13>Jul 25 11:24:40 CRB15000_5_95 ABB-UAL:01:Log-out (user logged out)|-|UAS_UID=1991657084|1210|00297|-|robot|	297
<13>Jul 25 11:24:40 CRB15000_5_95 ABB-UAL:01:Log-out (user logged out)|-|Socket=560|1210|00298|-|robot|	298
<13>Jul 25 11:25:01 CRB15000_5_95 ABB-UAL:01:Log-in successful|-|UAS_UID=1861480067|1110|00299|-|robot|Admin	299
<13>Jul 25 11:25:01 CRB15000_5_95 ABB-UAL:01:Log-in successful|-|UAS_UID=1443237060|1110|00300|-|robot|Admin	300
<13>Jul 25 12:03:50 CRB15000_5_95 ABB-UAL:01:Log-out (user logged out)|-|UAS_UID=1443237060|1210|00301|-|robot|	301
<13>Jul 25 12:03:50 CRB15000_5_95 ABB-UAL:01:Log-out (user logged out)|-|UAS_UID=1861480067|1210|00302|-|robot|	302
<13>Jul 25 12:03:50 CRB15000_5_95 ABB-UAL:01:Log-out (user logged out)|-|Socket=3372|1210|00303|-|robot|	303
<13>Jul 25 12:04:15 CRB15000_5_95 ABB-UAL:01:Log-in successful|-|UAS_UID=1805844433|1110|00304|-|robot|Admin	304
<13>Jul 25 12:04:15 CRB15000_5_95 ABB-UAL:01:Log-in successful|-|UAS_UID=295903092|1110|00305|-|robot|Admin	305
<13>Jul 25 12:04:22 CRB15000_5_95 ABB-UAL:01:Log-out (user logged out)|-|UAS_UID=295903092|1210|00306|-|robot|	306
<13>Jul 25 12:04:22 CRB15000_5_95 ABB-UAL:01:Log-out (user logged out)|-|UAS_UID=1805844433|1210|00307|-|robot|	307
<13>Jul 25 12:04:22 CRB15000_5_95 ABB-UAL:01:Log-out (user logged out)|-|Socket=3152|1210|00308|-|robot|	308
<13>Jul 25 12:04:41 CRB15000_5_95 ABB-UAL:01:Log-in successful|-|UAS_UID=845746573|1110|00309|-|robot|Admin	309
<13>Jul 25 12:04:41 CRB15000_5_95 ABB-UAL:01:Log-in successful|-|UAS_UID=1273204960|1110|00310|-|robot|Admin	310
<13>Jul 25 13:08:09 CRB15000_5_95 ABB-UAL:01:Log-out (user logged out)|-|UAS_UID=1273204960|1210|00311|-|robot|	311
<13>Jul 25 13:08:09 CRB15000_5_95 ABB-UAL:01:Log-out (user logged out)|-|UAS_UID=845746573|1210|00312|-|robot|	312
<13>Jul 25 13:08:10 CRB15000_5_95 ABB-UAL:01:Log-out (user logged out)|-|Socket=3148|1210|00313|-|robot|	313
<13>Jul 25 13:08:32 CRB15000_5_95 ABB-UAL:01:Log-in successful|-|UAS_UID=2032441704|1110|00314|-|robot|Admin	314
<13>Jul 25 13:08:32 CRB15000_5_95 ABB-UAL:01:Log-in successful|-|UAS_UID=1272362994|1110|00315|-|robot|Admin	315
<13>Jul 25 13:27:24 CRB15000_5_95 ABB-UAL:01:Log-out (user logged out)|-|UAS_UID=2032441704|1210|00316|-|robot|	316
<13>Jul 25 13:27:24 CRB15000_5_95 ABB-UAL:01:Log-out (user logged out)|-|Socket=3148|1210|00317|-|robot|	317
<13>Jul 25 13:27:35 CRB15000_5_95 ABB-UAL:01:Log-out (user logged out)|-|UAS_UID=1272362994|1210|00318|-|robot|	318
<13>Jul 25 13:27:36 CRB15000_5_95 ABB-UAL:01:Log-in successful|-|UAS_UID=245601014|1110|00319|-|robot|Admin	319
<13>Jul 25 13:27:36 CRB15000_5_95 ABB-UAL:01:Log-in successful|-|UAS_UID=1195092637|1110|00320|-|robot|Admin	320
<13>Jul 25 14:23:37 CRB15000_5_95 ABB-UAL:01:Log-out (user logged out)|-|UAS_UID=245601014|1210|00321|-|robot|	321
<13>Jul 25 14:23:37 CRB15000_5_95 ABB-UAL:01:Log-out (user logged out)|-|Socket=3148|1210|00322|-|robot|	322
<13>Jul 25 14:23:43 CRB15000_5_95 ABB-UAL:01:Log-out (user logged out)|-|UAS_UID=1195092637|1210|00323|-|robot|	323
<13>Jul 25 14:23:49 CRB15000_5_95 ABB-UAL:01:Log-in successful|-|UAS_UID=1456514530|1110|00324|-|robot|Admin	324
<13>Jul 25 14:23:49 CRB15000_5_95 ABB-UAL:01:Log-in successful|-|UAS_UID=967041210|1110|00325|-|robot|Admin	325
<13>Jul 25 14:59:12 CRB15000_5_95 ABB-UAL:01:Log-out (user logged out)|-|UAS_UID=1456514530|1210|00326|-|robot|	326
<13>Jul 25 14:59:12 CRB15000_5_95 ABB-UAL:01:Log-out (user logged out)|-|Socket=3148|1210|00327|-|robot|	327
<13>Jul 25 14:59:13 CRB15000_5_95 ABB-UAL:01:Log-out (user logged out)|-|UAS_UID=967041210|1210|00328|-|robot|	328
<13>Jul 25 14:59:24 CRB15000_5_95 ABB-UAL:01:Log-in successful|-|UAS_UID=1482188097|1110|00329|-|robot|Admin	329
<13>Jul 25 14:59:24 CRB15000_5_95 ABB-UAL:01:Log-in successful|-|UAS_UID=781520931|1110|00330|-|robot|Admin	330
<13>Jul 25 15:29:24 CRB15000_5_95 ABB-UAL:01:Log-out (user logged out)|-|UAS_UID=1482188097|1210|00331|-|robot|	331
<13>Jul 25 15:29:24 CRB15000_5_95 ABB-UAL:01:Log-out (user logged out)|-|Socket=3408|1210|00332|-|robot|	332
<13>Jul 25 15:29:36 CRB15000_5_95 ABB-UAL:01:Log-in successful|-|UAS_UID=1284005271|1110|00333|-|robot|Admin	333
<13>Jul 25 15:29:36 CRB15000_5_95 ABB-UAL:01:Log-out (user logged out)|-|UAS_UID=781520931|1210|00334|-|robot|	334
<13>Jul 25 15:29:36 CRB15000_5_95 ABB-UAL:01:Log-in successful|-|UAS_UID=1980459245|1110|00335|-|robot|Admin	335
<13>Jul 25 15:54:50 CRB15000_5_95 ABB-UAL:01:Log-out (user logged out)|-|UAS_UID=1284005271|1210|00336|-|robot|	336
<13>Jul 25 15:54:50 CRB15000_5_95 ABB-UAL:01:Log-out (user logged out)|-|Socket=3408|1210|00337|-|robot|	337
<13>Jul 25 15:54:51 CRB15000_5_95 ABB-UAL:01:Log-out (user logged out)|-|UAS_UID=1980459245|1210|00338|-|robot|	338
<13>Jul 25 15:55:02 CRB15000_5_95 ABB-UAL:01:Log-in successful|-|UAS_UID=1756614502|1110|00339|-|robot|Admin	339
<13>Jul 25 15:55:02 CRB15000_5_95 ABB-UAL:01:Log-in successful|-|UAS_UID=1710730762|1110|00340|-|robot|Admin	340
<13>Jul 25 16:37:15 CRB15000_5_95 ABB-UAL:01:Log-out (user logged out)|-|UAS_UID=1756614502|1210|00341|-|robot|	341
<13>Jul 25 16:37:15 CRB15000_5_95 ABB-UAL:01:Log-out (user logged out)|-|Socket=3416|1210|00342|-|robot|	342
<13>Jul 25 16:37:27 CRB15000_5_95 ABB-UAL:01:Log-in successful|-|UAS_UID=1448262675|1110|00343|-|robot|Admin	343
<13>Jul 25 16:37:27 CRB15000_5_95 ABB-UAL:01:Log-in successful|-|UAS_UID=1461049746|1110|00344|-|robot|Admin	344
<13>Jul 25 16:39:16 CRB15000_5_95 ABB-UAL:01:Log-out (user logged out)|-|UAS_UID=1710730762|1210|00345|-|robot|	345
<13>Jul 25 17:08:20 CRB15000_5_95 ABB-UAL:01:Log-out (user logged out)|-|UAS_UID=1448262675|1210|00346|-|robot|	346
<13>Jul 25 17:08:20 CRB15000_5_95 ABB-UAL:01:Log-out (user logged out)|-|Socket=3416|1210|00347|-|robot|	347
<13>Jul 25 17:08:21 CRB15000_5_95 ABB-UAL:01:Log-out (user logged out)|-|UAS_UID=1461049746|1210|00348|-|robot|	348
<13>Jul 25 17:08:32 CRB15000_5_95 ABB-UAL:01:Log-in successful|-|UAS_UID=321224166|1110|00349|-|robot|Admin	349
<13>Jul 25 17:08:32 CRB15000_5_95 ABB-UAL:01:Log-in successful|-|UAS_UID=77794201|1110|00350|-|robot|Admin	350
<13>Jul 25 17:35:23 CRB15000_5_95 ABB-UAL:01:Log-out (user logged out)|-|UAS_UID=321224166|1210|00351|-|robot|	351
<13>Jul 25 17:35:23 CRB15000_5_95 ABB-UAL:01:Log-out (user logged out)|-|Socket=3416|1210|00352|-|robot|	352
<13>Jul 25 17:35:24 CRB15000_5_95 ABB-UAL:01:Log-out (user logged out)|-|UAS_UID=77794201|1210|00353|-|robot|	353
<13>Jul 25 17:35:35 CRB15000_5_95 ABB-UAL:01:Log-in successful|-|UAS_UID=1439091961|1110|00354|-|robot|Admin	354
<13>Jul 25 17:35:35 CRB15000_5_95 ABB-UAL:01:Log-in successful|-|UAS_UID=1002547684|1110|00355|-|robot|Admin	355
<13>Jul 25 17:36:01 CRB15000_5_95 ABB-UAL:01:Log-out (user logged out)|-|UAS_UID=1002547684|1210|00356|-|robot|	356
<13>Jul 25 17:36:01 CRB15000_5_95 ABB-UAL:01:Log-out (user logged out)|-|UAS_UID=1439091961|1210|00357|-|robot|	357
<13>Jul 25 17:36:01 CRB15000_5_95 ABB-UAL:01:Log-out (user logged out)|-|Socket=3416|1210|00358|-|robot|	358
<9>Jul 28 08:28:29 CRB15000_5_95 ABB-UAL:01:Log data hash check failed (Log data altered)|-|error read from syslog.log|3220|00359|-|robot|syslog	359
<13>Jul 28 08:28:42 CRB15000_5_95 ABB-UAL:01:Log-in successful|-|UAS_UID=346175070|1110|00360|-|robot|Default User	360
<13>Jul 28 08:28:42 CRB15000_5_95 ABB-UAL:01:Log-in successful|-|UAS_UID=82578889|1110|00361|-|robot|Default User	361
<13>Jul 28 08:28:43 CRB15000_5_95 ABB-UAL:01:Configuration upload|-|Start restore|1331|00362|-|robot|346175070	362
<13>Jul 28 08:28:56 CRB15000_5_95 ABB-UAL:01:Log-in successful|-|UAS_UID=475928727|1110|00363|-|robot|Default User	363
<13>Jul 28 08:28:56 CRB15000_5_95 ABB-UAL:01:Log-in successful|-|UAS_UID=249193816|1110|00364|-|robot|Default User	364
<13>Jul 28 08:29:01 CRB15000_5_95 ABB-UAL:01:Log-out (user logged out)|-|UAS_UID=249193816|1210|00365|-|robot|	365
<13>Jul 28 08:29:01 CRB15000_5_95 ABB-UAL:01:Log-out (user logged out)|-|UAS_UID=475928727|1210|00366|-|robot|	366
<13>Jul 28 08:29:01 CRB15000_5_95 ABB-UAL:01:Log-out (user logged out)|-|Socket=752|1210|00367|-|robot|	367
<13>Jul 28 08:29:10 CRB15000_5_95 ABB-UAL:01:Log-in successful|-|UAS_UID=1803844388|1110|00368|-|robot|Admin	368
<13>Jul 28 08:29:10 CRB15000_5_95 ABB-UAL:01:Log-in successful|-|UAS_UID=184482050|1110|00369|-|robot|Admin	369
<13>Jul 28 08:29:15 CRB15000_5_95 ABB-UAL:01:Log-out (user logged out)|-|UAS_UID=184482050|1210|00370|-|robot|	370
<13>Jul 28 08:29:15 CRB15000_5_95 ABB-UAL:01:Log-out (user logged out)|-|UAS_UID=1803844388|1210|00371|-|robot|	371
<13>Jul 28 08:29:15 CRB15000_5_95 ABB-UAL:01:Log-out (user logged out)|-|Socket=748|1210|00372|-|robot|	372
<13>Jul 28 08:29:38 CRB15000_5_95 ABB-UAL:01:Log-in successful|-|UAS_UID=1459376703|1110|00373|-|robot|Admin	373
<13>Jul 28 08:29:38 CRB15000_5_95 ABB-UAL:01:Log-in successful|-|UAS_UID=2099682471|1110|00374|-|robot|Admin	374
<13>Jul 28 09:47:48 CRB15000_5_95 ABB-UAL:01:Log-out (user logged out)|-|UAS_UID=2099682471|1210|00375|-|robot|	375
<13>Jul 28 09:48:03 CRB15000_5_95 ABB-UAL:01:Log-in successful|-|UAS_UID=1378318216|1110|00376|-|robot|Admin	376
<13>Jul 28 09:48:03 CRB15000_5_95 ABB-UAL:01:Log-out (user logged out)|-|UAS_UID=1459376703|1210|00377|-|robot|	377
<13>Jul 28 09:48:03 CRB15000_5_95 ABB-UAL:01:Log-out (user logged out)|-|Socket=748|1210|00378|-|robot|	378
<13>Aug  2 19:37:09 CRB15000_5_95 ABB-UAL:01:Log-in successful|-|UAS_UID=861634608|1110|00379|-|robot|Admin	379
<13>Aug  2 19:37:09 CRB15000_5_95 ABB-UAL:01:Log-in successful|-|UAS_UID=908280565|1110|00380|-|robot|Admin	380
<13>Aug  2 19:51:56 CRB15000_5_95 ABB-UAL:01:Log-out (user logged out)|-|UAS_UID=861634608|1210|00381|-|robot|	381
<13>Aug  2 19:51:56 CRB15000_5_95 ABB-UAL:01:Log-out (user logged out)|-|Socket=3148|1210|00382|-|robot|	382
<13>Aug  2 21:55:15 CRB15000_5_95 ABB-UAL:01:Log-in successful|-|UAS_UID=1405600197|1110|00383|-|robot|Admin	383
<13>Aug  2 21:55:15 CRB15000_5_95 ABB-UAL:01:Log-in successful|-|UAS_UID=2144032882|1110|00384|-|robot|Admin	384
<13>Aug  2 22:25:44 CRB15000_5_95 ABB-UAL:01:Log-in successful|-|UAS_UID=1831285123|1110|00385|-|robot|Default User	385
<13>Aug  2 22:25:44 CRB15000_5_95 ABB-UAL:01:Log-in successful|-|UAS_UID=941127322|1110|00386|-|robot|Default User	386
<13>Aug  2 22:32:37 CRB15000_5_95 ABB-UAL:01:Log-out (user logged out)|-|UAS_UID=941127322|1210|00387|-|robot|	387
<13>Aug  2 22:32:37 CRB15000_5_95 ABB-UAL:01:Log-out (user logged out)|-|Socket=3124|1210|00388|-|robot|	388
<13>Aug  2 22:38:15 CRB15000_5_95 ABB-UAL:01:Log-out (user logged out)|-|UAS_UID=1831285123|1210|00389|-|robot|	389
<13>Aug  2 22:39:36 CRB15000_5_95 ABB-UAL:01:Log-out (user logged out)|-|UAS_UID=2144032882|1210|00390|-|robot|	390
<13>Aug  2 22:39:36 CRB15000_5_95 ABB-UAL:01:Log-out (user logged out)|-|UAS_UID=1405600197|1210|00391|-|robot|	391
<13>Aug  2 22:39:36 CRB15000_5_95 ABB-UAL:01:Log-out (user logged out)|-|Socket=748|1210|00392|-|robot|	392
<13>Aug  2 22:41:59 CRB15000_5_95 ABB-UAL:01:Log-in successful|-|UAS_UID=317045889|1110|00393|-|robot|Admin	393
<13>Aug  2 22:41:59 CRB15000_5_95 ABB-UAL:01:Log-in successful|-|UAS_UID=1592666830|1110|00394|-|robot|Admin	394
<13>Aug  2 22:50:00 CRB15000_5_95 ABB-UAL:01:Log-in successful|-|UAS_UID=1093644936|1110|00395|-|robot|Default User	395
<13>Aug  2 22:50:00 CRB15000_5_95 ABB-UAL:01:Log-in successful|-|UAS_UID=1881324483|1110|00396|-|robot|Default User	396
<13>Aug  2 22:51:21 CRB15000_5_95 ABB-UAL:01:Log-out (user logged out)|-|UAS_UID=1881324483|1210|00397|-|robot|	397
<13>Aug  2 22:51:21 CRB15000_5_95 ABB-UAL:01:Log-out (user logged out)|-|Socket=3148|1210|00398|-|robot|	398
<13>Aug  2 22:52:37 CRB15000_5_95 ABB-UAL:01:Log-out (user logged out)|-|UAS_UID=1592666830|1210|00399|-|robot|	399
<13>Aug  2 22:52:37 CRB15000_5_95 ABB-UAL:01:Log-out (user logged out)|-|UAS_UID=317045889|1210|00400|-|robot|	400
<13>Aug  2 22:52:37 CRB15000_5_95 ABB-UAL:01:Log-out (user logged out)|-|Socket=748|1210|00401|-|robot|	401
<13>Aug  3 13:44:50 CRB15000_5_95 ABB-UAL:01:Log-in successful|-|UAS_UID=645592754|1110|00402|-|robot|Admin	402
<13>Aug  3 13:44:50 CRB15000_5_95 ABB-UAL:01:Log-in successful|-|UAS_UID=323367799|1110|00403|-|robot|Admin	403
<13>Aug  3 16:06:17 CRB15000_5_95 ABB-UAL:01:Log-out (user logged out)|-|UAS_UID=323367799|1210|00404|-|robot|	404
<13>Aug  3 16:06:17 CRB15000_5_95 ABB-UAL:01:Log-out (user logged out)|-|UAS_UID=645592754|1210|00405|-|robot|	405
<13>Aug  3 16:06:17 CRB15000_5_95 ABB-UAL:01:Log-out (user logged out)|-|Socket=748|1210|00406|-|robot|	406
<13>Aug  4 13:21:43 CRB15000_5_95 ABB-UAL:01:Log-in successful|-|UAS_UID=470751629|1110|00407|-|robot|Admin	407
<13>Aug  4 13:21:43 CRB15000_5_95 ABB-UAL:01:Log-in successful|-|UAS_UID=1568902537|1110|00408|-|robot|Admin	408
<13>Aug  4 13:28:58 CRB15000_5_95 ABB-UAL:01:Log-out (user logged out)|-|UAS_UID=470751629|1210|00409|-|robot|	409
<13>Aug  4 13:28:58 CRB15000_5_95 ABB-UAL:01:Log-out (user logged out)|-|Socket=748|1210|00410|-|robot|	410
<13>Aug  5 23:32:02 CRB15000_5_95 ABB-UAL:01:Log-in successful|-|UAS_UID=1390846153|1110|00411|-|robot|Admin	411
<13>Aug  5 23:32:02 CRB15000_5_95 ABB-UAL:01:Log-in successful|-|UAS_UID=1152804841|1110|00412|-|robot|Admin	412
<13>Aug  5 23:49:15 CRB15000_5_95 ABB-UAL:01:Log-out (user logged out)|-|UAS_UID=1152804841|1210|00413|-|robot|	413
<13>Aug  5 23:49:15 CRB15000_5_95 ABB-UAL:01:Log-out (user logged out)|-|UAS_UID=1390846153|1210|00414|-|robot|	414
<13>Aug  5 23:49:15 CRB15000_5_95 ABB-UAL:01:Log-out (user logged out)|-|Socket=748|1210|00415|-|robot|	415
<13>Aug  6 13:46:03 CRB15000_5_95 ABB-UAL:01:Log-in successful|-|UAS_UID=35297477|1110|00416|-|robot|Admin	416
<13>Aug  6 13:46:03 CRB15000_5_95 ABB-UAL:01:Log-in successful|-|UAS_UID=164158148|1110|00417|-|robot|Admin	417
<13>Aug  6 15:06:24 CRB15000_5_95 ABB-UAL:01:Log-out (user logged out)|-|UAS_UID=35297477|1210|00418|-|robot|	418
<13>Aug  6 15:06:24 CRB15000_5_95 ABB-UAL:01:Log-out (user logged out)|-|Socket=748|1210|00419|-|robot|	419
<13>Aug  6 15:06:59 CRB15000_5_95 ABB-UAL:01:Log-in successful|-|UAS_UID=1842833697|1110|00420|-|robot|Admin	420
<13>Aug  6 15:06:59 CRB15000_5_95 ABB-UAL:01:Log-in successful|-|UAS_UID=1654246440|1110|00421|-|robot|Admin	421
<13>Aug  6 15:07:03 CRB15000_5_95 ABB-UAL:01:Log-out (user logged out)|-|UAS_UID=1654246440|1210|00422|-|robot|	422
<13>Aug  6 15:07:03 CRB15000_5_95 ABB-UAL:01:Log-out (user logged out)|-|UAS_UID=1842833697|1210|00423|-|robot|	423
<13>Aug  6 15:07:03 CRB15000_5_95 ABB-UAL:01:Log-out (user logged out)|-|Socket=748|1210|00424|-|robot|	424
<9>Aug  7 11:49:53 CRB15000_5_95 ABB-UAL:01:Log data hash check failed (Log data altered)|-|error read from syslog.log|3220|00425|-|robot|syslog	425
<13>Aug  7 11:50:04 CRB15000_5_95 ABB-UAL:01:Log-in successful|-|UAS_UID=2099167343|1110|00426|-|robot|Default User	426
<13>Aug  7 11:50:04 CRB15000_5_95 ABB-UAL:01:Log-in successful|-|UAS_UID=451247634|1110|00427|-|robot|Default User	427
<13>Aug  7 11:50:04 CRB15000_5_95 ABB-UAL:01:Configuration upload|-|Start restore|1331|00428|-|robot|2099167343	428
<13>Aug  7 11:50:16 CRB15000_5_95 ABB-UAL:01:Log-in successful|-|UAS_UID=1562675523|1110|00429|-|robot|Default User	429
<13>Aug  7 11:50:16 CRB15000_5_95 ABB-UAL:01:Log-in successful|-|UAS_UID=1216497924|1110|00430|-|robot|Default User	430
<13>Aug  7 11:50:21 CRB15000_5_95 ABB-UAL:01:Log-out (user logged out)|-|UAS_UID=1216497924|1210|00431|-|robot|	431
<13>Aug  7 11:50:21 CRB15000_5_95 ABB-UAL:01:Log-out (user logged out)|-|UAS_UID=1562675523|1210|00432|-|robot|	432
<13>Aug  7 11:50:21 CRB15000_5_95 ABB-UAL:01:Log-out (user logged out)|-|Socket=3436|1210|00433|-|robot|	433
<13>Aug  7 11:50:28 CRB15000_5_95 ABB-UAL:01:Log-in successful|-|UAS_UID=1331372290|1110|00434|-|robot|Admin	434
<13>Aug  7 11:50:28 CRB15000_5_95 ABB-UAL:01:Log-in successful|-|UAS_UID=818574140|1110|00435|-|robot|Admin	435
<13>Aug  7 11:54:44 CRB15000_5_95 ABB-UAL:01:Log-out (user logged out)|-|UAS_UID=818574140|1210|00436|-|robot|	436
<13>Aug  7 11:54:44 CRB15000_5_95 ABB-UAL:01:Log-out (user logged out)|-|UAS_UID=1331372290|1210|00437|-|robot|	437
<13>Aug  7 11:54:44 CRB15000_5_95 ABB-UAL:01:Log-out (user logged out)|-|Socket=560|1210|00438|-|robot|	438
<9>Aug  7 12:18:34 CRB15000_5_95 ABB-UAL:01:Log data hash check failed (Log data altered)|-|invalid digest syslog.log|3220|00439|-|robot|syslog	439
<13>Aug  7 12:18:45 CRB15000_5_95 ABB-UAL:01:Log-in successful|-|UAS_UID=1485658762|1110|00440|-|robot|Default User	440
<13>Aug  7 12:18:45 CRB15000_5_95 ABB-UAL:01:Log-in successful|-|UAS_UID=803536207|1110|00441|-|robot|Default User	441
<13>Aug  7 12:18:45 CRB15000_5_95 ABB-UAL:01:Configuration upload|-|Start restore|1331|00442|-|robot|1485658762	442
<13>Aug  7 12:18:46 CRB15000_5_95 ABB-UAL:01:Configuration upload|-|Start restore|1331|00443|-|robot|1485658762	443
<13>Aug  7 12:18:47 CRB15000_5_95 ABB-UAL:01:Configuration upload|-|Start restore|1331|00444|-|robot|1485658762	444
<13>Aug  7 12:18:47 CRB15000_5_95 ABB-UAL:01:Log-out (user logged out)|-|UAS_UID=803536207|1210|00445|-|robot|	445
<13>Aug  7 12:18:47 CRB15000_5_95 ABB-UAL:01:Log-out (user logged out)|-|UAS_UID=1485658762|1210|00446|-|robot|	446
<13>Aug  7 12:18:47 CRB15000_5_95 ABB-UAL:01:Log-out (user logged out)|-|Socket=3140|1210|00447|-|robot|	447
<13>Aug  7 12:18:53 CRB15000_5_95 ABB-UAL:01:Log-in successful|-|UAS_UID=1119510765|1110|00448|-|robot|Admin	448
<13>Aug  7 12:18:53 CRB15000_5_95 ABB-UAL:01:Log-in successful|-|UAS_UID=2118115481|1110|00449|-|robot|Admin	449
<13>Aug  7 12:54:56 CRB15000_5_95 ABB-UAL:01:Log-out (user logged out)|-|UAS_UID=1119510765|1210|00450|-|robot|	450
<13>Aug  7 12:54:56 CRB15000_5_95 ABB-UAL:01:Log-out (user logged out)|-|Socket=748|1210|00451|-|robot|	451
<13>Aug  7 12:54:57 CRB15000_5_95 ABB-UAL:01:Log-out (user logged out)|-|UAS_UID=2118115481|1210|00452|-|robot|	452
<13>Aug  7 12:55:10 CRB15000_5_95 ABB-UAL:01:Log-in successful|-|UAS_UID=517719507|1110|00453|-|robot|Admin	453
<13>Aug  7 12:55:10 CRB15000_5_95 ABB-UAL:01:Log-in successful|-|UAS_UID=1351863164|1110|00454|-|robot|Admin	454
<13>Aug  7 14:03:02 CRB15000_5_95 ABB-UAL:01:Control system restarted|-|restart warmstart|5150|00455|-|robot|517719507	455
<13>Aug  7 14:03:11 CRB15000_5_95 ABB-UAL:01:Log-in successful|-|UAS_UID=1927017522|1110|00456|-|robot|Admin	456
<13>Aug  7 14:03:11 CRB15000_5_95 ABB-UAL:01:Log-in successful|-|UAS_UID=744426308|1110|00457|-|robot|Admin	457
<13>Aug  7 14:05:06 CRB15000_5_95 ABB-UAL:01:Control system restarted|-|restart warmstart|5150|00458|-|robot|1927017522	458
<13>Aug  7 14:05:14 CRB15000_5_95 ABB-UAL:01:Log-in successful|-|UAS_UID=2137926973|1110|00459|-|robot|Admin	459
<13>Aug  7 14:05:14 CRB15000_5_95 ABB-UAL:01:Log-in successful|-|UAS_UID=1640148526|1110|00460|-|robot|Admin	460
<13>Aug  7 14:36:13 CRB15000_5_95 ABB-UAL:01:Log-out (user logged out)|-|UAS_UID=2137926973|1210|00461|-|robot|	461
<13>Aug  7 14:36:13 CRB15000_5_95 ABB-UAL:01:Log-out (user logged out)|-|Socket=3148|1210|00462|-|robot|	462
<13>Aug  7 14:36:25 CRB15000_5_95 ABB-UAL:01:Log-in successful|-|UAS_UID=408567297|1110|00463|-|robot|Admin	463
<13>Aug  7 14:36:25 CRB15000_5_95 ABB-UAL:01:Log-out (user logged out)|-|UAS_UID=1640148526|1210|00464|-|robot|	464
<13>Aug  7 14:36:25 CRB15000_5_95 ABB-UAL:01:Log-in successful|-|UAS_UID=2040967309|1110|00465|-|robot|Admin	465
<13>Aug  7 15:18:49 CRB15000_5_95 ABB-UAL:01:Log-out (user logged out)|-|UAS_UID=408567297|1210|00466|-|robot|	466
<13>Aug  7 15:18:49 CRB15000_5_95 ABB-UAL:01:Log-out (user logged out)|-|Socket=3148|1210|00467|-|robot|	467
<13>Aug  7 15:19:01 CRB15000_5_95 ABB-UAL:01:Log-in successful|-|UAS_UID=719634716|1110|00468|-|robot|Admin	468
<13>Aug  7 15:19:01 CRB15000_5_95 ABB-UAL:01:Log-out (user logged out)|-|UAS_UID=2040967309|1210|00469|-|robot|	469
<13>Aug  7 15:19:01 CRB15000_5_95 ABB-UAL:01:Log-in successful|-|UAS_UID=1784234269|1110|00470|-|robot|Admin	470
<13>Aug  7 15:57:52 CRB15000_5_95 ABB-UAL:01:Log-out (user logged out)|-|UAS_UID=719634716|1210|00471|-|robot|	471
<13>Aug  7 15:57:52 CRB15000_5_95 ABB-UAL:01:Log-out (user logged out)|-|Socket=3148|1210|00472|-|robot|	472
<13>Aug  7 15:58:05 CRB15000_5_95 ABB-UAL:01:Log-in successful|-|UAS_UID=321146645|1110|00473|-|robot|Admin	473
<13>Aug  7 15:58:05 CRB15000_5_95 ABB-UAL:01:Log-out (user logged out)|-|UAS_UID=1784234269|1210|00474|-|robot|	474
<13>Aug  7 15:58:05 CRB15000_5_95 ABB-UAL:01:Log-in successful|-|UAS_UID=431430030|1110|00475|-|robot|Admin	475
<13>Aug  7 16:32:07 CRB15000_5_95 ABB-UAL:01:Log-out (user logged out)|-|UAS_UID=321146645|1210|00476|-|robot|	476
<13>Aug  7 16:32:07 CRB15000_5_95 ABB-UAL:01:Log-out (user logged out)|-|Socket=3148|1210|00477|-|robot|	477
<13>Aug  7 16:32:07 CRB15000_5_95 ABB-UAL:01:Log-out (user logged out)|-|UAS_UID=431430030|1210|00478|-|robot|	478
<13>Aug  7 16:32:20 CRB15000_5_95 ABB-UAL:01:Log-in successful|-|UAS_UID=140236413|1110|00479|-|robot|Admin	479
<13>Aug  7 16:32:20 CRB15000_5_95 ABB-UAL:01:Log-in successful|-|UAS_UID=1904721298|1110|00480|-|robot|Admin	480
<13>Aug  7 16:38:58 CRB15000_5_95 ABB-UAL:01:Log-out (user logged out)|-|UAS_UID=140236413|1210|00481|-|robot|	481
<13>Aug  7 16:38:58 CRB15000_5_95 ABB-UAL:01:Log-out (user logged out)|-|Socket=3424|1210|00482|-|robot|	482
<13>Aug  7 16:39:11 CRB15000_5_95 ABB-UAL:01:Log-in successful|-|UAS_UID=625640970|1110|00483|-|robot|Admin	483
<13>Aug  7 16:39:11 CRB15000_5_95 ABB-UAL:01:Log-in successful|-|UAS_UID=1500111749|1110|00484|-|robot|Admin	484
<13>Aug  7 16:40:00 CRB15000_5_95 ABB-UAL:01:Log-out (user logged out)|-|UAS_UID=1904721298|1210|00485|-|robot|	485
<13>Aug  7 16:40:06 CRB15000_5_95 ABB-UAL:01:Log-out (user logged out)|-|UAS_UID=1500111749|1210|00486|-|robot|	486
<13>Aug  7 16:40:06 CRB15000_5_95 ABB-UAL:01:Log-out (user logged out)|-|UAS_UID=625640970|1210|00487|-|robot|	487
<13>Aug  7 16:40:06 CRB15000_5_95 ABB-UAL:01:Log-out (user logged out)|-|Socket=3424|1210|00488|-|robot|	488
<9>Aug  7 17:19:38 CRB15000_5_95 ABB-UAL:01:Log data hash check failed (Log data altered)|-|error read from syslog.log|3220|00489|-|robot|syslog	489
<13>Aug  7 17:19:50 CRB15000_5_95 ABB-UAL:01:Log-in successful|-|UAS_UID=1764036965|1110|00490|-|robot|Default User	490
<13>Aug  7 17:19:50 CRB15000_5_95 ABB-UAL:01:Log-in successful|-|UAS_UID=1941919610|1110|00491|-|robot|Default User	491
<13>Aug  7 17:19:50 CRB15000_5_95 ABB-UAL:01:Configuration upload|-|Start restore|1331|00492|-|robot|1764036965	492
<13>Aug  7 17:20:04 CRB15000_5_95 ABB-UAL:01:Log-in successful|-|UAS_UID=1894583118|1110|00493|-|robot|Default User	493
<13>Aug  7 17:20:04 CRB15000_5_95 ABB-UAL:01:Log-in successful|-|UAS_UID=290686904|1110|00494|-|robot|Default User	494
<13>Aug  7 17:20:09 CRB15000_5_95 ABB-UAL:01:Log-out (user logged out)|-|UAS_UID=290686904|1210|00495|-|robot|	495
<13>Aug  7 17:20:09 CRB15000_5_95 ABB-UAL:01:Log-out (user logged out)|-|UAS_UID=1894583118|1210|00496|-|robot|	496
<13>Aug  7 17:20:09 CRB15000_5_95 ABB-UAL:01:Log-out (user logged out)|-|Socket=752|1210|00497|-|robot|	497
<13>Aug  7 17:20:18 CRB15000_5_95 ABB-UAL:01:Log-in successful|-|UAS_UID=6286844|1110|00498|-|robot|Admin	498
<13>Aug  7 17:20:18 CRB15000_5_95 ABB-UAL:01:Log-in successful|-|UAS_UID=60375237|1110|00499|-|robot|Admin	499
<13>Aug  7 18:53:21 CRB15000_5_95 ABB-UAL:01:Log-out (user logged out)|-|UAS_UID=60375237|1210|00500|-|robot|	500
-----BEGIN DIGEST-----
WQ3WabjOdM6kBhq0nlOQFyXo/Q7oXlNC5lxeROnX3Eb8irRbWbueZe6EyFzed1+LGRNHcbl2Wj9gFg22BqLloFgq+UI=
-----END DIGEST-----
