Tool: uprobe
Version: 2.2
StopTime: 1970-01-01 07:01:37:375002
Contexts
  0.	A:S26	C:PF	ptr:0000000044276A6C 
  1.	A:UAS	C:uas_runtime	ptr:00000000442683E0 
  2.	A:UAS	C:uas_admin	ptr:00000000442876B8 
  3.	A:UAS	C:uas_am	ptr:0000000044269DD8 
  4.	A:UAS	C:uas_ssh	ptr:00000000442929B0 
  5.	A:VIRTUAL_ROOT	C:virtual_root_runtime	ptr:000000004426A380 
  6.	A:VIRTUAL_ROOT	C:virtual_root_admin	ptr:000000004428BED8 
  7.	A:VIRTUAL_ROOT	C:virtual_root_sftp	ptr:0000000044293CA8 
  8.	A:ExternalUAS	C:externaluas_runtime	ptr:0000000044264070 
  9.	A:FCI 	C:FCI	ptr:00000000440EC948 
  10.	A:EIO 	C:EIOSYS	ptr:00000000440E6BD4 
  11.	A:INCFRW	C:INCFRW	ptr:000000004437A9E0 
  12.	A:EIO 	C:EIODRIVER	ptr:00000000440DF170 
  13.	A:EIO 	C:EIONETWORK	ptr:00000000440E2278 
  14.	A:EIO 	C:EIODEVICE	ptr:00000000440DB410 
  15.	A:EIO 	C:EIOTRG	ptr:00000000440E8410 
  16.	A:EIO 	C:EIOSIG	ptr:00000000440E3778 
  17.	A:EIO 	C:EIOCRS	ptr:00000000440D9D90 
  18.	A:EIO 	C:EIODEVICETL	ptr:00000000440DE3F8 
  19.	A:EIO 	C:EIODTD	ptr:00000000440D3D40 
  20.	A:EIO 	C:EIOAPI	ptr:00000000440D9494 
  21.	A:IntBus	C:IntBus	ptr:00000000443AE6B0 
  22.	A:Enip	C:enip	ptr:00000000442CCD44 
  23.	A:RobAPI2	C:RAPI_SERVICE	ptr:0000000044319E78 
  24.	A:virtualInc	C:virtualInc	ptr:00000000443D6AA8 
  25.	A:MOC	C:-dyn_spline--	ptr:00000000441C0728 
  26.	A:MOC	C:-geo_spline--	ptr:000000004417EC20 
  27.	A:MOC	C:-acon--------	ptr:0000000044144800 
  28.	A:MOC	C:-segment-----	ptr:00000000441380A0 
  29.	A:MOC	C:-event-------	ptr:0000000044179530 
  30.	A:MOC	C:-statma------	ptr:000000004413D570 
  31.	A:MOC	C:-data_logger-	ptr:0000000044154F18 
  32.	A:MOC	C:-target------	ptr:00000000441B1720 
  33.	A:<DEFAREA>	C:-MOCREC--MG	ptr:000000004418EE70 
  34.	A:MOC	C:-ev_handler--	ptr:000000004417AFE0 
  35.	A:MOC	C:-par_id------	ptr:000000004418F7F0 
  36.	A:MOC	C:-MCI_MASTER--	ptr:0000000047F7473C 
  37.	A:MOC	C:-section-----	ptr:0000000044197770 
  38.	A:MOC	C:-servo-------	ptr:00000000441A6108 
  39.	A:MOC	C:-collpred----	ptr:000000004414A870 
  40.	A:ROL	C:rlcss	ptr:00000000489D94D4 
  41.	A:ROL	C:rlcure	ptr:00000000489D94DC 
  42.	A:ROL	C:rlexe	ptr:00000000489D94E4 
  43.	A:ROL	C:rlind	ptr:00000000489D94F0 
  44.	A:ROL	C:rlio	ptr:00000000489D94F8 
  45.	A:ROL	C:rlmexe	ptr:00000000489D951C 
  46.	A:ROL	C:rlmmec	ptr:00000000489D9524 
  47.	A:ROL	C:rlmove	ptr:00000000489D952C 
  48.	A:ROL	C:rlmset	ptr:00000000489D9534 
  49.	A:ROL	C:rlmsrc	ptr:00000000489D953C 
  50.	A:ROL	C:rlraps	ptr:00000000489D9578 
  51.	A:ROL	C:rlsocketts	ptr:00000000489DA4A9 
  52.	A:ROL	C:rlsocket	ptr:00000000489D9588 
  53.	A:ROL	C:rlcomts	ptr:00000000489D94CC 
  54.	A:ROL	C:rlcom	ptr:00000000489D5C9C 
  55.	A:ROL	C:rltrig	ptr:00000000489DB3E8 
  56.	A:ROL	C:rltrigios	ptr:00000000489E0970 
  57.	A:ROL	C:rlopr	ptr:00000000489D954C 
  58.	A:ROL	C:rlcnv	ptr:00000000489D5C94 
  59.	A:ROL	C:rliv	ptr:00000000489D9500 
  60.	A:ROL	C:rlmsys	ptr:00000000489D9544 
  61.	A:ROL	C:rlload	ptr:00000000489D9508 
  62.	A:ROL	C:rlpid	ptr:00000000489D9554 
  63.	A:ROL	C:rlsys	ptr:00000000489DB3D8 
  64.	A:ROL	C:rlcyclic	ptr:00000000489D5398 
  65.	A:ROL	C:rlvisualize	ptr:00000000489D598C 
  66.	A:ROL	C:rltrap	ptr:00000000489DB3E0 
  67.	A:ROL	C:rlfsta	ptr:00000000489D5354 
  68.	A:ROL	C:rlsset	ptr:00000000489DB3C8 
  69.	A:ROL	C:rlsym	ptr:00000000489DB3CD 
  70.	A:ROL	C:rol	ptr:00000000489E097C 
  71.	A:ROLSUP	C:rlsup	ptr:00000000489EA5E4 
  72.	A:ROLSUP	C:rlmisc	ptr:00000000489EA658 
  73.	A:ROLSUP	C:rlplib	ptr:00000000489EA668 
  74.	A:ROLSUP	C:rldata	ptr:00000000489EA5F4 
  75.	A:ROLSUP	C:rldryrun	ptr:00000000489E0984 
  76.	A:ROL	C:rlmprc	ptr:00000000489EA660 
  77.	A:SD_T	C:Default             	ptr:00000000449EE4B0 
  78.	A:SD_T	C:PGMRUN              	ptr:00000000449EE4B8 
  79.	A:SD_T	C:Execution           	ptr:00000000449EE4C0 
  80.	A:SD_T	C:Orchestrate         	ptr:00000000449EE4C8 
  81.	A:SD_T	C:Negative return code	ptr:00000000449EE4D0 
  82.	A:SD_T	C:Startup             	ptr:00000000449EE4D8 
  83.	A:SD_T	C:Backup              	ptr:00000000449EE4E0 
  84.	A:SD_T	C:SAF Event           	ptr:00000000449EE4E8 
  85.	A:SD_T	C:External calls      	ptr:00000000449EE4F0 
  86.	A:SD_T	C:Load supervision    	ptr:00000000449EE4F8 
  87.	A:SD_T	C:States              	ptr:00000000449EE500 
  88.	A:S04.01	C:S04_01	ptr:000000004438131C 
  89.	A:EIO 	C:EIOEVENT	ptr:00000000440DF760 
  90.	A:ScInc	C:ScInc	ptr:000000004437D7A0 
  91.	A:SCORCH	C:SCORCH	ptr:0000000044390A00 
  92.	A:MOC	C:-logsrv------	ptr:0000000044188C30 
  93.	A:RobAPI2	C:rwssubscr_main	ptr:000000004432A050 
  94.	A:RobAPI2	C:RWS_SUBSCRSRV	ptr:0000000044322798 
  95.	A:RobAPI2	C:rapi_subscrservtask	ptr:000000004430BAB0 
  96.	A:RobAPI2	C:RWS_RESOURCES	ptr:0000000044328570 
  97.	A:CommonSubscription	C:SubscriptionServer_main	ptr:0000000044434E38 
  98.	A:CBL	C:SUBSCRSRV	ptr:00000000444319A8 
  99.	A:MOC	C:-REFMATS-----	ptr:000000004412B7F0 
  100.	A:RobAPI2	C:FILESERVICE	ptr:0000000044309FA8 
  101.	A:Robotwebservice	C:Appweb-Connmanager    	ptr:0000000048DDD530 
  102.	A:Robotwebservice	C:Service Dispatcher    	ptr:0000000048DDD538 
  103.	A:Robotwebservice	C:Ctrl    	ptr:0000000048DDD540 
  104.	A:Robotwebservice	C:Fileservice    	ptr:0000000048DDD548 
  105.	A:Robotwebservice	C:Base-Services    	ptr:0000000048DDD550 
  106.	A:Robotwebservice	C:Subscription    	ptr:0000000048DDD558 
  107.	A:Robotwebservice	C:User    	ptr:0000000048DDD560 
  108.	A:Robotwebservice	C:Memoryopers-Utils    	ptr:0000000048DDD568 
  109.	A:Robotwebservice	C:Robotware(RW) Services    	ptr:0000000048DDD570 
  110.	A:RobAPI2	C:rapi_ctrl_component	ptr:000000004430C5F8 
  111.	A:RobAPI2	C:rapi_subscrserv	ptr:000000004430B930 
  112.	A:MOC	C:-ev_handlerts	ptr:000000004417C470 
  113.	A:MOC	C:-servots-----	ptr:00000000441A7530 
  114.	A:MOC	C:-servo_contr-	ptr:00000000441A7540 
  115.	A:MOC	C:-weave-------	ptr:00000000441A7550 
  116.	A:MOC	C:-s_pathstop--	ptr:00000000441A7560 
  117.	A:MOC	C:-s_pspeedadj-	ptr:00000000441A7570 
  118.	A:ROBAPI2	C:rapi_handler	ptr:00000000442ED7A0 
  119.	A:MOC	C:-statmats----	ptr:00000000441AE250 
  120.	A:MOC	C:-ipolts------	ptr:0000000044181780 
  121.	A:MOC	C:-path--jog---	ptr:0000000044181790 
  122.	A:MOC	C:-path--lev0--	ptr:00000000441817A0 
  123.	A:MOC	C:-path--lev1--	ptr:00000000441817B0 
  124.	A:MOC	C:-spline_ip---	ptr:00000000441817C0 
  125.	A:MOC	C:-log_h-------	ptr:0000000044188088 
  126.	A:MOC	C:-man---------	ptr:00000000441D57A0 
  127.	A:MOC	C:-elbow_woffs_	ptr:0000000044374BE0 
  128.	A:MOC	C:-load_diagr--	ptr:0000000044187598 
  129.	A:MOC	C:-trajH-------	ptr:00007FF4EBCC2480 
  130.	A:MOC	C:-trajD---mg0-	ptr:000000000F40D7E4 
  131.	A:MOC	C:-moveOrder-0-	ptr:000000000F40D7F2 
  132.	A:MOC	C:-trajS---mg0-	ptr:00007FF4EBCC24BC 
  133.	A:MOC	C:-trajD---mg1-	ptr:000000000F455F3C 
  134.	A:MOC	C:-moveOrder-1-	ptr:000000000F455F4A 
  135.	A:MOC	C:-trajS---mg1-	ptr:00007FF4EBCC5D5C 
  136.	A:MOC	C:-trajD---mg2-	ptr:000000000F49E694 
  137.	A:MOC	C:-moveOrder-2-	ptr:000000000F49E6A2 
  138.	A:MOC	C:-trajS---mg2-	ptr:00007FF4EBCC95FC 
  139.	A:MOC	C:-trajD---mg3-	ptr:000000000F4E6DEC 
  140.	A:MOC	C:-moveOrder-3-	ptr:000000000F4E6DFA 
  141.	A:MOC	C:-trajS---mg3-	ptr:00007FF4EBCCCE9C 
  142.	A:MOC	C:-trajD---mg4-	ptr:000000000F52F544 
  143.	A:MOC	C:-moveOrder-4-	ptr:000000000F52F552 
  144.	A:MOC	C:-trajS---mg4-	ptr:00007FF4EBCD073C 
  145.	A:MOC	C:-trajD---mg5-	ptr:000000000F577C9C 
  146.	A:MOC	C:-moveOrder-5-	ptr:000000000F577CAA 
  147.	A:MOC	C:-trajS---mg5-	ptr:00007FF4EBCD3FDC 
  148.	A:MOC	C:-trajD---mg6-	ptr:000000000F5C03F4 
  149.	A:MOC	C:-moveOrder-6-	ptr:000000000F5C0402 
  150.	A:MOC	C:-trajS---mg6-	ptr:00007FF4EBCD787C 
  151.	A:MOC	C:-dynmod------	ptr:00000000441BF750 
  152.	A:MOC	C:-dyngrp------	ptr:00000000441BF760 
  153.	A:DriveServoControl	C:RectifierManager	ptr:0000000009AA2FC0 
  154.	A:CBL	C:Default    	ptr:0000000048FF3118 
  155.	A:CBL	C:Server    	ptr:0000000048FF3120 
  156.	A:CBL	C:Service   	ptr:0000000048FF3128 
  157.	A:CBL	C:RAPID     	ptr:0000000048FF3130 
  158.	A:CBL	C:IO        	ptr:0000000048FF3138 
  159.	A:CBL	C:ELOG      	ptr:0000000048FF3140 
  160.	A:CBL	C:CFG       	ptr:0000000048FF3148 
  161.	A:CBL	C:MOTION    	ptr:0000000048FF3150 
  162.	A:CBL	C:DIPC      	ptr:0000000048FF3158 
  163.	A:CBL	C:INFOSTREAM	ptr:0000000048FF3160 
  164.	A:CBL	C:MASTERSHIP	ptr:0000000048FF3168 
  165.	A:CBL	C:PANEL     	ptr:0000000048FF3170 
  166.	A:CBL	C:SYSTEM    	ptr:0000000048FF3178 
  167.	A:CBL	C:UTILS     	ptr:0000000048FF3180 
  168.	A:CBL	C:USERS     	ptr:0000000048FF3188 
  169.	A:CBL	C:PROGRESS     	ptr:0000000048FF3190 
  170.	A:CBL	C:PAINT     	ptr:0000000048FF3198 
  171.	A:RobAPI2	C:RAPI_SUBSCRMNGR	ptr:000000004430A4C0 
  172.	A:Robapi2	C:rapi_resource_service	ptr:00000000443289F0 
  173.	A:RobAPI2	C:rw_iosubscr	ptr:0000000044323858 
  174.	A:DriveServoControl	C:SystemStateManager	ptr:0000000003F98660 
  175.	A:MOC	C:-grp_q-------	ptr:0000000044181500 
  176.	A:MOC	C:-stopma------	ptr:00000000441B0970 
  177.	A:MOC	C:-lead_through	ptr:0000000044121370 
  178.	A:MOC	C:-group_contr-	ptr:000000004417FC18 
  179.	A:MOC	C:-BRAKE-------	ptr:0000000044145D58 
  180.	A:MOC	C:-rmproc------	ptr:0000000044196B50 
  181.	A:MOC	C:-fric_est-----	ptr:000000004417D898 
  182.	A:MOC	C:-SPRSYNC-----	ptr:00000000441A5798 
  183.	A:MOC	C:-ipol----mg0-	ptr:00000000451D3810 
  184.	A:MOC	C:-ipol----mg1-	ptr:00000000451D381E 
  185.	A:MOC	C:-ipol----mg2-	ptr:00000000451D382C 
  186.	A:MOC	C:-ipol----mg3-	ptr:00000000451D383A 
  187.	A:MOC	C:-ipol----mg4-	ptr:00000000451D3848 
  188.	A:MOC	C:-ipol----mg5-	ptr:00000000451D3856 
  189.	A:MOC	C:-ipol----mg6-	ptr:00000000451D3864 
  190.	A:MOC	C:-list--------	ptr:000000004412F3E0 
  191.	A:MOC	C:-PRXCOM------	ptr:0000000044171EB0 
  192.	A:<DEFAREA>	C:-MCI_REFMA---	ptr:0000000047FE755C 
  193.	A:<DEFAREA>	C:-MCI_REFMA---	ptr:0000000047FE92AC 
  194.	A:<DEFAREA>	C:-MCI_REFMA---	ptr:0000000047FEAFFC 
  195.	A:<DEFAREA>	C:-MCI_REFMA---	ptr:0000000047FECD4C 
  196.	A:<DEFAREA>	C:-MCI_REFMA---	ptr:0000000047FEEA9C 
  197.	A:MOC	C:-mecmap------	ptr:000000004418C8D8 
  198.	A:MOC	C:--hpj--------	ptr:0000000044121670 
  199.	A:MOC	C:-FRICID------	ptr:000000004417DBE0 
  200.	A:MOC	C:-MocUtility--	ptr:00000000441B5CC0 
  201.	A:MOC	C:-trajpred-mg0	ptr:0000000048170268 
  202.	A:MOC	C:-trajpred-mg1	ptr:0000000048171A30 
  203.	A:MOC	C:-trajpred-mg2	ptr:00000000481731F8 
  204.	A:MOC	C:-trajpred-mg3	ptr:00000000481749C0 
  205.	A:MOC	C:-trajpred-mg4	ptr:0000000048176188 
  206.	A:MOC	C:-trajpred-mg5	ptr:0000000048177950 
  207.	A:MOC	C:-trajpred-mg6	ptr:0000000048179118 
  208.	A:MOC	C:-pl_monitor--	ptr:00000000445CD000 
  209.	A:RobAPI2	C:rws_service_rapid	ptr:0000000044325170 
  210.	A:RobAPI2	C:rapi_panel	ptr:00000000443247C8 
  211.	A:RobAPI2	C:rws_service_vision	ptr:0000000044327F20 
  212.	A:VIRTIO	C:virtio	ptr:0000000044381878 
  213.	A:PS_T(01)	C:-Default- 	ptr:0000000044A40990 
  214.	A:PS_T(02)	C:-Default- 	ptr:0000000044A409D4 
  215.	A:PS_T(03)	C:-Default- 	ptr:0000000044A40A18 
  216.	A:RobAPI	C:SUBSCR_BITARRAY	ptr:00000000444329A8 
  217.	A:SubscriptionService	C:SUBSCR_RAPID	ptr:000000004442FBA0 
  218.	A:SubscriptionService	C:SUBSCR_IOSYSTEM	ptr:000000004442EEB0 
  219.	A:RobNetscan	C:NSSEND	ptr:00000000440C9404 
  220.	A:RobAPI	C:RDH_BITARRAY	ptr:00000000440C5588 
  221.	A:RobAPI	C:RDH_IOSYSTEM	ptr:00000000440C2608 
  222.	A:RobAPI	C:RDH_RAPID	ptr:00000000440BF708 
  223.	A:RobAPI	C:RobDisp	ptr:00000000440C5868 

07:00:00:024044	<DEFAREA>	<DEFCTX>	task dead	BulletinBoardDB NoOfPendingStartupFuncs[0]. Write value "0" -> "1"
07:00:00:024077	<DEFAREA>	<DEFCTX>	servdisp	BulletinBoardDB NoOfPendingStartupFuncs[0]. Write value "1" -> "2"
07:00:00:024080	<DEFAREA>	<DEFCTX>	servlist	BulletinBoardDB NoOfPendingStartupFuncs[0]. Write value "2" -> "3"
07:00:00:024083	<DEFAREA>	<DEFCTX>	ctrlsrvts	BulletinBoardDB NoOfPendingStartupFuncs[0]. Write value "3" -> "4"
07:00:00:024141	MOC	-ipol----mg0-	task dead	 ipol_start_uprobe (1120)
07:00:00:024144	ROLSUP	rldryrun	task dead	rldryrun_init, start mode 1
07:00:00:024145	ROLSUP	rldryrun	task dead	rldryrun_init (SYS_WARM), Retrieved memory in permanent pool for RLDRYRUN_OBJ, size: 32
07:00:00:024148	<DEFAREA>	<DEFCTX>	task dead	BulletinBoardDB NoOfPendingStartupFuncs[0]. Write value "4" -> "5"
07:00:00:024149	<DEFAREA>	<DEFCTX>	task dead	BulletinBoardDB NoOfPendingStartupFuncs[0]. Write value "5" -> "6"
07:00:00:024156	<DEFAREA>	<DEFCTX>	task dead	BulletinBoardDB NoOfPendingStartupFuncs[0]. Write value "6" -> "7"
07:00:00:024168	<DEFAREA>	<DEFCTX>	task dead	BulletinBoardDB NoOfPendingStartupFuncs[0]. Write value "7" -> "8"
07:00:00:024189	Enip	enip	tEnip	local_build_interface: ERROR: local_netconf_network_mac_get failed for Private Network
07:00:12:417101	<DEFAREA>	<DEFCTX>	filesrv	BulletinBoardDB NoOfPendingStartupFuncs[0]. Write value "8" -> "9"
07:00:12:417104	<DEFAREA>	<DEFCTX>	rwssubsc	BulletinBoardDB NoOfPendingStartupFuncs[0]. Write value "9" -> "10"
07:00:12:417107	<DEFAREA>	<DEFCTX>	subscription	BulletinBoardDB NoOfPendingStartupFuncs[0]. Write value "10" -> "11"
07:00:12:417110	<DEFAREA>	<DEFCTX>	rws_dipc	BulletinBoardDB NoOfPendingStartupFuncs[0]. Write value "11" -> "12"
07:00:12:417113	<DEFAREA>	<DEFCTX>	rapi_user	BulletinBoardDB NoOfPendingStartupFuncs[0]. Write value "12" -> "13"
07:00:12:417118	<DEFAREA>	<DEFCTX>	uassrv	BulletinBoardDB NoOfPendingStartupFuncs[0]. Write value "13" -> "14"
07:00:12:417130	<DEFAREA>	<DEFCTX>	S52subscts	BulletinBoardDB NoOfPendingStartupFuncs[0]. Write value "14" -> "15"
07:00:12:923002	<DEFAREA>	<DEFCTX>	servdisp	BulletinBoardDB NoOfPendingStartupFuncs[0]. Write value "15" -> "14"
07:00:12:923003	<DEFAREA>	<DEFCTX>	servlist	BulletinBoardDB NoOfPendingStartupFuncs[0]. Write value "14" -> "13"
07:00:12:923004	<DEFAREA>	<DEFCTX>	filesrv	BulletinBoardDB NoOfPendingStartupFuncs[0]. Write value "13" -> "12"
07:00:12:923005	<DEFAREA>	<DEFCTX>	rapi_user	BulletinBoardDB NoOfPendingStartupFuncs[0]. Write value "12" -> "11"
07:00:12:923006	<DEFAREA>	<DEFCTX>	rwssubsc	BulletinBoardDB NoOfPendingStartupFuncs[0]. Write value "11" -> "10"
07:00:12:923007	<DEFAREA>	<DEFCTX>	ctrlsrvts	BulletinBoardDB NoOfPendingStartupFuncs[0]. Write value "10" -> "9"
07:00:12:923008	<DEFAREA>	<DEFCTX>	uassrv	BulletinBoardDB NoOfPendingStartupFuncs[0]. Write value "9" -> "8"
07:00:12:923009	<DEFAREA>	<DEFCTX>	rws_dipc	BulletinBoardDB NoOfPendingStartupFuncs[0]. Write value "8" -> "7"
07:01:04:338000	<DEFAREA>	<DEFCTX>	subscription	BulletinBoardDB NoOfPendingStartupFuncs[0]. Write value "7" -> "6"
07:01:13:099001	MOC	-servo-------	task dead	Boost buffer limit time, 96000.
07:01:13:099002	MOC	-servo-------	task dead	Boost buffer limit time, 60000.
07:01:13:099003	MOC	-servo-------	task dead	Boost buffer limit time, 60000.
07:01:13:099004	MOC	-servo-------	task dead	Boost buffer limit time, 60000.
07:01:13:099005	MOC	-servo-------	task dead	Boost buffer limit time, 60000.
07:01:13:099006	MOC	-servo-------	task dead	Boost buffer limit time, 60000.
07:01:13:099007	MOC	-servo-------	task dead	Boost buffer limit time, 60000.
07:01:13:099008	MOC	-ipol----mg0-	task dead	ipol_send: Failed to get slotid for task ''
07:01:13:099009	<DEFAREA>	<DEFCTX>	task dead	 when sending command 0
07:01:13:099010	MOC	-ipolts------	ipolts0	Got IPC_SEND, sender: 0
07:01:13:099011	MOC	-ipolts------	ipolts0	Execute ipol_cmd_new (0)

07:01:13:099012	MOC	-spline_ip---	ipolts0	spline_ip_new 
07:01:13:099013	MOC	-ipol----mg0-	task dead	ipol_send: Failed to get slotid for task ''
07:01:13:099014	<DEFAREA>	<DEFCTX>	task dead	 when sending command 0
07:01:13:099015	MOC	-ipolts------	ipolts1	Got IPC_SEND, sender: 0
07:01:13:099016	MOC	-ipolts------	ipolts1	Execute ipol_cmd_new (0)

07:01:13:099017	MOC	-spline_ip---	ipolts1	spline_ip_new 
07:01:13:099018	MOC	-ipol----mg0-	task dead	ipol_send: Failed to get slotid for task ''
07:01:13:099019	<DEFAREA>	<DEFCTX>	task dead	 when sending command 0
07:01:13:099020	MOC	-ipolts------	ipolts2	Got IPC_SEND, sender: 0
07:01:13:099021	MOC	-ipolts------	ipolts2	Execute ipol_cmd_new (0)

07:01:13:099022	MOC	-spline_ip---	ipolts2	spline_ip_new 
07:01:13:099023	MOC	-ipol----mg0-	task dead	ipol_send: Failed to get slotid for task ''
07:01:13:099024	<DEFAREA>	<DEFCTX>	task dead	 when sending command 0
07:01:13:099025	MOC	-ipolts------	ipolts3	Got IPC_SEND, sender: 0
07:01:13:099026	MOC	-ipolts------	ipolts3	Execute ipol_cmd_new (0)

07:01:13:099027	MOC	-spline_ip---	ipolts3	spline_ip_new 
07:01:13:099028	MOC	-ipol----mg0-	task dead	ipol_send: Failed to get slotid for task ''
07:01:13:099029	<DEFAREA>	<DEFCTX>	task dead	 when sending command 0
07:01:13:099030	MOC	-ipolts------	ipolts4	Got IPC_SEND, sender: 0
07:01:13:099031	MOC	-ipolts------	ipolts4	Execute ipol_cmd_new (0)

07:01:13:099032	MOC	-spline_ip---	ipolts4	spline_ip_new 
07:01:13:099033	MOC	-ipol----mg0-	task dead	ipol_send: Failed to get slotid for task ''
07:01:13:099034	<DEFAREA>	<DEFCTX>	task dead	 when sending command 0
07:01:13:099035	MOC	-ipolts------	ipolts5	Got IPC_SEND, sender: 0
07:01:13:099036	MOC	-ipolts------	ipolts5	Execute ipol_cmd_new (0)

07:01:13:099037	MOC	-spline_ip---	ipolts5	spline_ip_new 
07:01:13:099038	MOC	-ipol----mg0-	task dead	ipol_send: Failed to get slotid for task ''
07:01:13:099039	<DEFAREA>	<DEFCTX>	task dead	 when sending command 0
07:01:13:099040	MOC	-ipolts------	ipolts6	Got IPC_SEND, sender: 0
07:01:13:099041	MOC	-ipolts------	ipolts6	Execute ipol_cmd_new (0)

07:01:13:099042	MOC	-spline_ip---	ipolts6	spline_ip_new 
07:01:15:615004	MOC	-ipolts------	ipolts0	Got IPC_BROADCAST, sender: 0
07:01:15:615005	MOC	-ipolts------	ipolts0	Error, got an unknown command, 299

07:01:15:615006	MOC	-ipolts------	ipolts1	Got IPC_BROADCAST, sender: 0
07:01:15:615007	MOC	-ipolts------	ipolts1	Error, got an unknown command, 299

07:01:15:615008	MOC	-ipolts------	ipolts2	Got IPC_BROADCAST, sender: 0
07:01:15:615009	MOC	-ipolts------	ipolts2	Error, got an unknown command, 299

07:01:15:615010	MOC	-ipolts------	ipolts3	Got IPC_BROADCAST, sender: 0
07:01:15:615011	MOC	-ipolts------	ipolts3	Error, got an unknown command, 299

07:01:15:615012	MOC	-ipolts------	ipolts4	Got IPC_BROADCAST, sender: 0
07:01:15:615013	MOC	-ipolts------	ipolts4	Error, got an unknown command, 299

07:01:15:615014	MOC	-ipolts------	ipolts5	Got IPC_BROADCAST, sender: 0
07:01:15:615015	MOC	-ipolts------	ipolts5	Error, got an unknown command, 299

07:01:15:615016	MOC	-ipolts------	ipolts6	Got IPC_BROADCAST, sender: 0
07:01:15:615017	MOC	-ipolts------	ipolts6	Error, got an unknown command, 299

07:01:15:615053	<DEFAREA>	<DEFCTX>	task dead	BulletinBoardDB NoOfPendingStartupFuncs[0]. Write value "6" -> "5"
07:01:15:615064	ROLSUP	rldryrun	task dead	rldryrun_init
07:01:15:615065	ROLSUP	rldryrun	task dead	dryrun_ipm_process, IPM_REAL_INIT, 105
07:01:15:615066	ROLSUP	rldryrun	task dead	dryrun_ipm_process, IPM_REAL_INIT, ipm_set_sysevent_mask(IPM_SYS_EVENT_MASK_DISABLE_ALL)
07:01:15:615067	ROLSUP	rldryrun	task dead	dryrun_ipm_process, IPM_REAL_INIT, no configured signals, order alarm to kill IPM process
07:01:15:615068	ROLSUP	rldryrun	task dead	dryrun_ipm_process, ipm_process_id 105
07:01:15:615081	MOC	-ipolts------	ipolts0	Got IPC_SENDWAIT, sender: 17
07:01:15:615082	MOC	-ipolts------	ipolts0	Execute ipol_cmd_activate (20)

07:01:15:683026	SD_T	Default             	rapidts	[puscfg] refresh_alias_io_in_one_task, instance: 0
07:01:15:683027	SD_T	Default             	rapidts	[piocfg] piocfg_refresh_alias, ret: -1081
07:01:15:683028	SD_T	Default             	rapidts	[puscfg] refresh_alias_io_in_one_task, instance: 1
07:01:15:683029	SD_T	Default             	rapidts	[piocfg] piocfg_refresh_alias, ret: -1081
07:01:15:683030	SD_T	Default             	rapidts	[puscfg] refresh_alias_io_in_one_task, instance: 2
07:01:15:683031	SD_T	Default             	rapidts	[piocfg] piocfg_refresh_alias, ret: -1081
07:01:15:683032	SD_T	Default             	rapidts	[puscfg] refresh_alias_io_in_one_task, instance: 3
07:01:15:683033	SD_T	Default             	rapidts	[piocfg] piocfg_refresh_alias, ret: -1081
07:01:15:683086	SD_T	Default             	rapidts	pgmrun_load_program_module  
07:01:15:683106	SD_T	Default             	rapidts	[puscfg] refresh_alias_io_in_one_task, instance: 0
07:01:15:683107	SD_T	Default             	rapidts	[piocfg] piocfg_refresh_alias, ret: -1081
07:01:15:683108	SD_T	Default             	rapidts	[puscfg] refresh_alias_io_in_one_task, instance: 1
07:01:15:683109	SD_T	Default             	rapidts	[piocfg] piocfg_refresh_alias, ret: -1081
07:01:15:683110	SD_T	Default             	rapidts	[puscfg] refresh_alias_io_in_one_task, instance: 2
07:01:15:683111	SD_T	Default             	rapidts	[piocfg] piocfg_refresh_alias, ret: -1081
07:01:15:683112	SD_T	Default             	rapidts	[puscfg] refresh_alias_io_in_one_task, instance: 3
07:01:15:683113	SD_T	Default             	rapidts	[piocfg] piocfg_refresh_alias, ret: -1081
07:01:15:683124	<DEFAREA>	<DEFCTX>	rapidts	BulletinBoardDB NoOfPendingStartupFuncs[0]. Write value "5" -> "4"
07:01:15:683125	MOC	-ipolts------	ipolts0	Got IPC_SENDWAIT, sender: 6
07:01:15:683126	MOC	-ipolts------	ipolts0	Execute ipol_cmd_set_servo_mode (22)

07:01:15:683127	<DEFAREA>	<DEFCTX>	S52subscts	BulletinBoardDB NoOfPendingStartupFuncs[0]. Write value "4" -> "3"
07:01:15:695002	S04.01	S04_01	safevtts	scsafGoToGuardStop: scsafGoToGuardStop
07:01:15:707001	S04.01	S04_01	scDispatcher	scsafExecuteSCCat0Stop: Category 0 stop has been ordered from SC
07:01:15:707003	<DEFAREA>	<DEFCTX>	refmats	fc ipm_sys_qstop_set
07:01:15:803002	MOC	-ipolts------	ipolts1	Got IPC_SENDWAIT, sender: 6
07:01:15:803003	MOC	-ipolts------	ipolts1	Execute ipol_cmd_set_servo_mode (22)

07:01:15:804001	MOC	-ipolts------	ipolts2	Got IPC_SENDWAIT, sender: 6
07:01:15:804002	MOC	-ipolts------	ipolts2	Execute ipol_cmd_set_servo_mode (22)

07:01:15:825001	MOC	-ipolts------	ipolts3	Got IPC_SENDWAIT, sender: 6
07:01:15:825002	MOC	-ipolts------	ipolts3	Execute ipol_cmd_set_servo_mode (22)

07:01:15:846001	MOC	-ipolts------	ipolts4	Got IPC_SENDWAIT, sender: 6
07:01:15:846002	MOC	-ipolts------	ipolts4	Execute ipol_cmd_set_servo_mode (22)

07:01:15:867002	MOC	-ipolts------	ipolts5	Got IPC_SENDWAIT, sender: 6
07:01:15:867003	MOC	-ipolts------	ipolts5	Execute ipol_cmd_set_servo_mode (22)

07:01:15:888001	MOC	-ipolts------	ipolts6	Got IPC_SENDWAIT, sender: 6
07:01:15:888002	MOC	-ipolts------	ipolts6	Execute ipol_cmd_set_servo_mode (22)

07:01:15:909001	MOC	-ipolts------	ipolts0	Got IPC_SENDWAIT, sender: 6
07:01:15:909002	MOC	-ipolts------	ipolts0	Execute ipol_cmd_set_servo_mode (22)

07:01:16:019002	MOC	-ipolts------	ipolts1	Got IPC_SENDWAIT, sender: 6
07:01:16:019003	MOC	-ipolts------	ipolts1	Execute ipol_cmd_set_servo_mode (22)

07:01:16:035002	MOC	-ipolts------	ipolts2	Got IPC_SENDWAIT, sender: 6
07:01:16:035003	MOC	-ipolts------	ipolts2	Execute ipol_cmd_set_servo_mode (22)

07:01:16:056001	MOC	-ipolts------	ipolts3	Got IPC_SENDWAIT, sender: 6
07:01:16:056002	MOC	-ipolts------	ipolts3	Execute ipol_cmd_set_servo_mode (22)

07:01:16:077001	MOC	-ipolts------	ipolts4	Got IPC_SENDWAIT, sender: 6
07:01:16:077002	MOC	-ipolts------	ipolts4	Execute ipol_cmd_set_servo_mode (22)

07:01:16:098001	MOC	-ipolts------	ipolts5	Got IPC_SENDWAIT, sender: 6
07:01:16:098002	MOC	-ipolts------	ipolts5	Execute ipol_cmd_set_servo_mode (22)

07:01:16:119002	MOC	-ipolts------	ipolts6	Got IPC_SENDWAIT, sender: 6
07:01:16:119003	MOC	-ipolts------	ipolts6	Execute ipol_cmd_set_servo_mode (22)

07:01:16:140001	SD_T	Default             	cabts	[Synchronization point reached] sync_rapid_and_safety_disp_warm_start_cmd: Rapid startup ready
07:01:16:140002	SD_T	Default             	cabts		controller_state_set_state_event - Status: REJECT 190
07:01:16:615002	ROLSUP	rldryrun	peventts	dryrun_ipm_process, DRYRUN_KILL_IPM_PROC, no configured signals, kill IPM process
07:01:16:615003	ROLSUP	rldryrun	peventts	dryrun_ipm_process, IPM_REAL_FREE - Good bye!
07:01:16:640001	SD_T	Default             	cabts		controller_state_set_state_event - Status: REJECT 190
07:01:17:140001	SD_T	Default             	cabts		controller_state_set_state_event - Status: REJECT 190
07:01:17:640001	SD_T	Default             	cabts		controller_state_set_state_event - Status: REJECT 190
07:01:18:140001	SD_T	Default             	cabts		controller_state_set_state_event - Status: REJECT 190
07:01:18:640001	SD_T	Default             	cabts		controller_state_set_state_event - Status: REJECT 190
07:01:19:140001	SD_T	Default             	cabts		controller_state_set_state_event - Status: REJECT 190
07:01:19:640001	SD_T	Default             	cabts		controller_state_set_state_event - Status: REJECT 190
07:01:19:863005	<DEFAREA>	<DEFCTX>	safevtts	BulletinBoardDB NoOfPendingStartupFuncs[0]. Write value "3" -> "2"
07:01:19:863006	S04.01	S04_01	safevtts	scsafLocalIOEvent: DriveEnableAllowed: CLOSED!
07:01:19:863009	S04.01	S04_01	safevtts	scsafResetSysHalt: scsafResetSysHalt
07:01:20:140001	SD_T	Default             	cabts		controller_state_set_state_event - Status: REJECT 190
07:01:20:140002	SD_T	Default             	cabts	[Synchronization point reached] handle_warm_start: Rapid startup and safety ready
07:01:20:140003	SD_T	Default             	cabts	sysSysfailGetStatus returns -1
07:01:20:140004	SD_T	Default             	cabts	ESStatusBoolean returns 0
07:01:20:140005	SD_T	Default             	cabts	sevt_runchn_status_get returns 1
07:01:20:140006	SD_T	Default             	cabts	handle_message_from_safety has event 2
07:01:20:140007	SD_T	Default             	cabts	Enable device 1
07:01:20:140008	SD_T	Default             	cabts	handle_message_from_safety_controller_state SAFETYEVENTS_RUNCHN_CLOSED
07:01:20:140009	SD_T	Default             	cabts	RESET GuardStop
07:01:20:140015	SD_T	Default             	cabts	sevt_opmode_get returns 1
07:01:20:140016	SD_T	Default             	cabts	handle_message_from_safety has event 7
07:01:20:140017	SD_T	Default             	cabts	 Enable device
07:01:20:140018	SD_T	Default             	cabts	handle_message_from_safety_operator_mode SAFETYEVENTS_REQ_AUTO
07:01:20:140019	SD_T	Default             	cabts	Go to  Auto 1 
07:01:20:140020	SD_T	Default             	rapidts	Force pgm to stop when setting pp
07:01:20:140021	SD_T	Default             	rapidts	Force pgm to stop when setting pp
07:01:20:140024	S04.01	S04_01	scorchts	scsafSetOpModeReq: Operating mode: AUTO
07:01:20:140025	MOC	-ipolts------	ipolts0	Got IPC_SEND, sender: 6
07:01:20:140026	MOC	-ipolts------	ipolts0	Execute ipol_cmd_reduced_speed (4)

07:01:20:140027	MOC	-ipolts------	ipolts1	Got IPC_SEND, sender: 6
07:01:20:140028	MOC	-ipolts------	ipolts1	Execute ipol_cmd_reduced_speed (4)

07:01:20:140029	MOC	-ipolts------	ipolts2	Got IPC_SEND, sender: 6
07:01:20:140030	MOC	-ipolts------	ipolts2	Execute ipol_cmd_reduced_speed (4)

07:01:20:140031	MOC	-ipolts------	ipolts3	Got IPC_SEND, sender: 6
07:01:20:140032	MOC	-ipolts------	ipolts3	Execute ipol_cmd_reduced_speed (4)

07:01:20:140033	MOC	-ipolts------	ipolts4	Got IPC_SEND, sender: 6
07:01:20:140034	MOC	-ipolts------	ipolts4	Execute ipol_cmd_reduced_speed (4)

07:01:20:140035	MOC	-ipolts------	ipolts5	Got IPC_SEND, sender: 6
07:01:20:140036	MOC	-ipolts------	ipolts5	Execute ipol_cmd_reduced_speed (4)

07:01:20:140037	MOC	-ipolts------	ipolts6	Got IPC_SEND, sender: 6
07:01:20:140038	MOC	-ipolts------	ipolts6	Execute ipol_cmd_reduced_speed (4)

07:01:20:140044	SD_T	Default             	sysorchts	Startup, user_def: 0
07:01:20:140050	SD_T	Default             	sysevtts	 Output : CycleOn set signal: GOFA_ProgramState
07:01:20:140052	MOC	-ipolts------	ipolts0	Got IPC_SEND, sender: 6
07:01:20:140053	MOC	-ipolts------	ipolts0	Execute ipol_cmd_set_path_resolution (28)

07:01:20:140054	MOC	-ipolts------	ipolts0	ipolts_set_path_resolution pr_factor = 1.000000
07:01:20:140055	MOC	-ipolts------	ipolts0	Got IPC_SENDWAIT, sender: 6
07:01:20:140056	MOC	-ipolts------	ipolts0	Execute ipol_cmd_power_fail_re_create (1)

07:01:20:140057	MOC	-ipolts------	ipolts0	Got IPC_SEND, sender: 6
07:01:20:140058	MOC	-ipolts------	ipolts0	Execute ipol_cmd_set_path_resolution (28)

07:01:20:140059	MOC	-ipolts------	ipolts0	ipolts_set_path_resolution pr_factor = 1.000000
07:01:20:140060	MOC	-ipolts------	ipolts0	Got IPC_SENDWAIT, sender: 6
07:01:20:140061	MOC	-ipolts------	ipolts0	Execute ipol_cmd_power_fail_re_create (1)

07:01:20:140109	SD_T	Default             	cabts	Exit handle_warm_start in CABTS
07:01:20:140110	<DEFAREA>	<DEFCTX>	cabts	BulletinBoardDB NoOfPendingStartupFuncs[0]. Write value "2" -> "1"
07:01:20:140111	SD_T	Default             	cabts	Exit cab_startup_power_on
07:01:20:140120	SD_T	Default             	rapidts	Force pgm to stop when setting pp
07:01:20:140129	SD_T	Default             	rapidts	Force pgm to stop when setting pp
07:01:20:140130	SD_T	Default             	sysorchts	Startup, user_def: 1
07:01:20:140132	MOC	-ipolts------	ipolts0	Got IPC_SEND, sender: 17
07:01:20:140133	MOC	-ipolts------	ipolts0	Execute ipol_cmd_start (29)

07:01:20:140141	SD_T	Default             	rapidts	last_sys_state in run_one_start_order = 1 
07:01:20:140149	SD_T	Default             	rapidts	last_sys_state in run_one_start_order = 1 
07:01:20:140150	ROL	rltrig	rapidts	SysInit21, taskno: 	2
07:01:20:140151	ROL	rltrig	rapidts	---------------------------
07:01:20:140152	ROL	rltrig	rapidts	rltrigpr_triggint_restart_proc, IPM_REAL_INIT, sizeof(TRIGGINT_RESTART): 744, proc_id: 98
07:01:20:140154	ROL	rltrig	rapidts	rltrig_create_restart_process, added process TRIGGINT_RESTART with id: 98
07:01:20:140155	ROL	rltrig	rapidts	End SysInit21, taskno: 	2
07:01:20:140156	ROL	rltrig	rapidts	SysInit21, taskno: 	3
07:01:20:140157	ROL	rltrig	rapidts	End SysInit21, taskno: 	3
07:01:20:140166	SD_T	Default             	rapidts	master_control_release IPOL
07:01:20:140167	SD_T	Default             	rapidts	report_stop  instance = 2 
07:01:20:140168	MOC	-event-------	rapidts	 1150d0a0  EVENT_NEW_POSITION_TIME
07:01:20:140169	MOC	-event-------	rapidts	 offset = 0.0 mm time_before = 0.0 ms
07:01:20:140171	MOC	-event-------	rapidts	 1150d0a0  define EVENT_ACTION_SYS_EVENT
07:01:20:140172	MOC	-event-------	rapidts	 IPC_SLOTID_17  user_def = 256  user_data = 134545929
07:01:20:140175	MOC	-ipolts------	ipolts0	Got IPC_SEND, sender: 17
07:01:20:140176	MOC	-ipolts------	ipolts0	Execute ipol_cmd_wait_zero_speed (11)

07:01:20:140177	SD_T	Default             	rapidts	[Called] ipol_wait_for_zero_speed: 0
07:01:20:140178	SD_T	Default             	rapidts	zerospeed_ordered = 1 
07:01:20:140192	SD_T	Default             	rapidts	master_control_release IPOL
07:01:20:140193	SD_T	Default             	rapidts	report_stop  instance = 3 
07:01:20:140194	SD_T	Default             	rapidts	Set to PGMRUN_THREAD_END 
07:01:20:140195	SD_T	Default             	rapidts	stop_environment_and_return_master = 9 
07:01:20:140196	SD_T	Default             	rapidts	master_control_release IPOL
07:01:20:140205	SD_T	Default             	rapidts	set_state_and_initiate_elog_for_stop last_sys_state = 3 
07:01:20:140206	SD_T	Default             	sysorchts	Startup, user_def: 2
07:01:20:140215	SD_T	Default             	rapidts	last_sys_state in run_one_start_order = 2 
07:01:20:140216	ROL	rlmexe	rapidts	End of START event routine, taskno: 	3
07:01:20:140217	ROL	rlmexe	rapidts	-----------------------------------------------------
07:01:20:140218	SD_T	Default             	sysorchts	Startup, user_def: 3
07:01:20:140220	SD_T	Default             	rapidts	pgmrun_start_program  orginator  = 0 
07:01:20:140221	SD_T	Default             	rapidts	last_sys_state  = PGMRUN_SYS_STATE_START for task 1 
07:01:20:140222	SD_T	Default             	rapidts	pgmrun_start_program  orginator  = 0 
07:01:20:140223	SD_T	Default             	rapidts	last_sys_state  = PGMRUN_SYS_STATE_START for task 3 
07:01:20:140224	SD_T	Default             	sysorchts	Startup, user_def: 4
07:01:20:140226	<DEFAREA>	<DEFCTX>	sysorchts	BulletinBoardDB NoOfPendingStartupFuncs[0]. Write value "1" -> "0"
07:01:20:146007	MOC	-ipolts------	ipolts1	Got IPC_BROADCAST, sender: 0
07:01:20:146008	MOC	-ipolts------	ipolts1	Error, got an unknown command, 299

07:01:20:146009	MOC	-ipolts------	ipolts2	Got IPC_BROADCAST, sender: 0
07:01:20:146010	MOC	-ipolts------	ipolts2	Error, got an unknown command, 299

07:01:20:146011	MOC	-ipolts------	ipolts3	Got IPC_BROADCAST, sender: 0
07:01:20:146012	MOC	-ipolts------	ipolts3	Error, got an unknown command, 299

07:01:20:146013	MOC	-ipolts------	ipolts4	Got IPC_BROADCAST, sender: 0
07:01:20:146014	MOC	-ipolts------	ipolts4	Error, got an unknown command, 299

07:01:20:146015	MOC	-ipolts------	ipolts5	Got IPC_BROADCAST, sender: 0
07:01:20:146016	MOC	-ipolts------	ipolts5	Error, got an unknown command, 299

07:01:20:146017	MOC	-ipolts------	ipolts6	Got IPC_BROADCAST, sender: 0
07:01:20:146018	MOC	-ipolts------	ipolts6	Error, got an unknown command, 299

07:01:20:167002	MOC	-event-------	ipolts0	 1150d0a0  event_execute
07:01:20:167003	MOC	-event-------	ipolts0	 execute event type = POSITION action = ACTION_SYS_EVENT segm_index_0.000000
07:01:20:167007	MOC	-event-------	ipolts0	 event_execute_private. Set up timestamp without lag.
07:01:20:167008	MOC	-event-------	ipolts0	 Timestamp execution. Seconds 80, Nanoseconds 167006000
07:01:20:167010	MOC	-event-------	ipolts0	event RETURNED, p = 000000001150D0A0
07:01:20:167011	MOC	-ipolts------	ipolts0	Got IPC_BROADCAST, sender: 0
07:01:20:167012	MOC	-ipolts------	ipolts0	Error, got an unknown command, 299

07:01:20:167013	SD_T	Default             	rapidts	PGMRUN_RESUME_THREAD_ON_SYS_EVENT_ZERO_SPEED
07:01:20:167014	ROL	rltrig	peventts	---------------------------
07:01:20:167015	ROL	rltrig	peventts	rltrigpr_triggint_restart_proc, IPM_SYS_PC_MOVED
07:01:20:167016	MOC	-ipolts------	ipolts0	Got IPC_SEND, sender: 17
07:01:20:167017	MOC	-ipolts------	ipolts0	Execute ipol_cmd_stop (39)

07:01:20:167018	MOC	-ipolts------	ipolts0	Got IPC_SENDWAIT, sender: 17
07:01:20:167019	MOC	-ipolts------	ipolts0	Execute ipol_cmd_clear_path_and_servo (14)

07:01:20:167020	MOC	-spline_ip---	ipolts0	spline_ip_clear
07:01:20:219002	SD_T	Default             	rapidts	Set to PGMRUN_THREAD_END 
07:01:20:219003	SD_T	Default             	rapidts	stop_environment_and_return_master = 9 
07:01:20:219004	SD_T	Default             	rapidts	stop: cycle on write false since all has stopped
07:01:20:219005	SD_T	Default             	rapidts	master_control_release IPOL
07:01:20:219006	SD_T	Default             	rapidts	[Calling] ipol_stop 0
07:01:20:219007	MOC	-ipolts------	ipolts0	Got IPC_SEND, sender: 17
07:01:20:219008	MOC	-ipolts------	ipolts0	Execute ipol_cmd_stop (39)

07:01:20:219017	SD_T	Default             	rapidts	set_state_and_initiate_elog_for_stop last_sys_state = 3 
07:01:20:642001	PS_T(01)	-Default- 	rapidts	[12/12] exec_raise collision:0 
07:01:20:642002	PS_T(01)	-Default- 	rapidts	errtyp 1 
07:01:20:842001	PS_T(01)	-Default- 	rapidts	[12/12] exec_raise collision:0 
07:01:20:842002	PS_T(01)	-Default- 	rapidts	errtyp 1 
07:01:20:942001	PS_T(01)	-Default- 	rapidts	[12/12] exec_raise collision:0 
07:01:20:942002	PS_T(01)	-Default- 	rapidts	errtyp 1 
07:01:21:042001	PS_T(01)	-Default- 	rapidts	[12/12] exec_raise collision:0 
07:01:21:042002	PS_T(01)	-Default- 	rapidts	errtyp 1 
07:01:21:142001	PS_T(01)	-Default- 	rapidts	[12/12] exec_raise collision:0 
07:01:21:142002	PS_T(01)	-Default- 	rapidts	errtyp 1 
07:01:21:242001	PS_T(01)	-Default- 	rapidts	[12/12] exec_raise collision:0 
07:01:21:242002	PS_T(01)	-Default- 	rapidts	errtyp 1 
07:01:21:342001	PS_T(01)	-Default- 	rapidts	[12/12] exec_raise collision:0 
07:01:21:342002	PS_T(01)	-Default- 	rapidts	errtyp 1 
07:01:21:442001	PS_T(01)	-Default- 	rapidts	[12/12] exec_raise collision:0 
07:01:21:442002	PS_T(01)	-Default- 	rapidts	errtyp 1 
07:01:21:542001	PS_T(01)	-Default- 	rapidts	[12/12] exec_raise collision:0 
07:01:21:542002	PS_T(01)	-Default- 	rapidts	errtyp 1 
07:01:21:642001	PS_T(01)	-Default- 	rapidts	[12/12] exec_raise collision:0 
07:01:21:642002	PS_T(01)	-Default- 	rapidts	errtyp 1 
07:01:21:742001	PS_T(01)	-Default- 	rapidts	[12/12] exec_raise collision:0 
07:01:21:742002	PS_T(01)	-Default- 	rapidts	errtyp 1 
07:01:21:842001	PS_T(01)	-Default- 	rapidts	[12/12] exec_raise collision:0 
07:01:21:842002	PS_T(01)	-Default- 	rapidts	errtyp 1 
07:01:21:942001	PS_T(01)	-Default- 	rapidts	[12/12] exec_raise collision:0 
07:01:21:942002	PS_T(01)	-Default- 	rapidts	errtyp 1 
07:01:22:042001	PS_T(01)	-Default- 	rapidts	[12/12] exec_raise collision:0 
07:01:22:042002	PS_T(01)	-Default- 	rapidts	errtyp 1 
07:01:22:142001	PS_T(01)	-Default- 	rapidts	[12/12] exec_raise collision:0 
07:01:22:142002	PS_T(01)	-Default- 	rapidts	errtyp 1 
07:01:22:242001	PS_T(01)	-Default- 	rapidts	[12/12] exec_raise collision:0 
07:01:22:242002	PS_T(01)	-Default- 	rapidts	errtyp 1 
07:01:22:342001	PS_T(01)	-Default- 	rapidts	[12/12] exec_raise collision:0 
07:01:22:342002	PS_T(01)	-Default- 	rapidts	errtyp 1 
07:01:22:442001	PS_T(01)	-Default- 	rapidts	[12/12] exec_raise collision:0 
07:01:22:442002	PS_T(01)	-Default- 	rapidts	errtyp 1 
07:01:22:542001	PS_T(01)	-Default- 	rapidts	[12/12] exec_raise collision:0 
07:01:22:542002	PS_T(01)	-Default- 	rapidts	errtyp 1 
07:01:22:642001	PS_T(01)	-Default- 	rapidts	[12/12] exec_raise collision:0 
07:01:22:642002	PS_T(01)	-Default- 	rapidts	errtyp 1 
07:01:22:742001	PS_T(01)	-Default- 	rapidts	[12/12] exec_raise collision:0 
07:01:22:742002	PS_T(01)	-Default- 	rapidts	errtyp 1 
07:01:22:842001	PS_T(01)	-Default- 	rapidts	[12/12] exec_raise collision:0 
07:01:22:842002	PS_T(01)	-Default- 	rapidts	errtyp 1 
07:01:26:103006	SD_T	Default             	robdispts	gk_uas_user_locale_set did=58 uid=1854915414 clocale=1 localPresenceCertificateKey=0 requestLocalPresenceCertificateKey=0
07:01:26:103011	SD_T	Default             	robdispts	gk_uas_user_locale_set Exit status = 0
07:01:26:130002	SD_T	Default             	rapi_user	gk_uas_user_locale_set did=131 uid=1854915414 clocale=1 localPresenceCertificateKey=0 requestLocalPresenceCertificateKey=0
07:01:26:130007	SD_T	Default             	rapi_user	gk_uas_user_locale_set Exit status = 0
07:01:26:375003	SD_T	Default             	sysorchts	Restore, user_def: 0
07:01:26:375005	SD_T	Default             	barts	[BAR] (5) Start restore
07:01:26:375006	SD_T	Default             	barts	[BAR] (2/6) check backup contents 
07:01:26:375007	SD_T	Default             	barts	[BAR] (3/7) check all cfg files 
07:01:26:375008	SD_T	Default             	barts	[BAR] (4/8) check system id 
07:01:26:375009	SD_T	Default             	barts	[BAR] (xx) ctrl settings validate 
07:01:26:375010	SD_T	Default             	barts	[BAR] (xx) config  sc restore from backup 
07:01:26:375011	SD_T	Default             	barts	Status from bar_support_restore_check_checksum =  0 
07:01:26:375012	SD_T	Default             	barts	Status from bar_support_restore_check_passphrase =  0 
07:01:26:375020	SD_T	Default             	barts	[BAR] (9) load file to data base and copy the HOME directory
07:01:26:375021	SD_T	Default             	barts	[BAR] (10) load cfg domains 
07:01:26:375022	SD_T	Default             	barts	[BAR] (11) load all domains according to backinfo file 
07:01:26:375023	SD_T	Default             	barts	CollisionErrorHandling set to 0
07:01:26:375024	PS_T(02)	-Default- 	barts	pgm: reset_collision_flag  
07:01:26:375034	SD_T	Default             	barts	[BAR] (12) load internal files
07:01:26:375035	SD_T	Default             	barts	[BAR] (13) load internal files 
07:01:26:375036	SD_T	Default             	barts	[BAR] (14) bar_file_copy_internal_files
07:01:26:375037	SD_T	Default             	barts	Error BAR_NOT_FOUND in bar_file_copy
07:01:26:375038	SD_T	Default             	barts	Error os_xcopy in bar_file_dircopy -12
07:01:27:375002	SD_T	Default             	barts	Error os_xcopy in bar_file_dircopy -12
07:01:28:375002	SD_T	Default             	barts	Error os_xcopy in bar_file_dircopy -12
07:01:29:375002	SD_T	Default             	barts	Error os_xcopy in bar_file_dircopy -12
07:01:30:375002	SD_T	Default             	barts	Error os_xcopy in bar_file_dircopy -12
07:01:31:375002	SD_T	Default             	barts	Error os_xcopy in bar_file_dircopy -12
07:01:32:375002	SD_T	Default             	barts	Error os_xcopy in bar_file_dircopy -12
07:01:33:375002	SD_T	Default             	barts	Error os_xcopy in bar_file_dircopy -12
07:01:34:375002	SD_T	Default             	barts	Error os_xcopy in bar_file_dircopy -12
07:01:35:375002	SD_T	Default             	barts	Error os_xcopy in bar_file_dircopy -12
07:01:36:375002	SD_T	Default             	barts	[BAR] (15) prepare load of tasks 
07:01:36:375003	SD_T	Default             	barts	[BAR] (16) include modules 
07:01:36:375004	SD_T	Default             	barts	Error could not get task no in bar_support_get_tskno_from_backinfo 
07:01:36:375005	SD_T	Default             	barts	[BAR] ELOG
07:01:36:375013	SD_T	Default             	barts	[BAR] (17) restore controller settings
07:01:36:375021	SD_T	Default             	barts	[BAR] (18) restore safety settings
07:01:36:375022	SD_T	Default             	barts	[BAR] (15) config  sc restore from backup 
07:01:36:375032	SD_T	Default             	barts	[BAR] (19) restore uas settings
07:01:36:375033	SD_T	Default             	sysorchts	Restore, user_def: 1
