*** PF INFO ***
Time: Sat May 10 14:31:08 2025
System: E:/Robots ABB/ABB Content/Gofa/Gofa Caffe/Gofa_caffe/Project1/Virtual Controllers/CRB15000_5_95
RobotWare: 7.18.1
RobotControl: 7.18.1
Shutdown type: 1 mode: 1 reason: 1
Image lost in previous shutdown: no
Restart counter: 0
CFG counter value: 7503
Unfinished crit sec: 0

*** PF INFO ***
Time: Sat May 10 15:06:51 2025
System: E:/Robots ABB/ABB Content/Gofa/Gofa Caffe/Gofa_caffe/Project1/Virtual Controllers/CRB15000_5_95
RobotWare: 7.18.1
RobotControl: 7.18.1
Shutdown type: 1 mode: 1 reason: 1
Image lost in previous shutdown: no
Restart counter: 1
CFG counter value: 7804
Unfinished crit sec: 0

